{"/mnt/c/Code/InnovateX-Frontend/middleware.ts": {"path":"/mnt/c/Code/InnovateX-Frontend/middleware.ts","statementMap":{"0":{"start":{"line":23,"column":13},"end":{"line":23,"column":19}},"1":{"start":{"line":4,"column":16},"end":{"line":4,"column":26}},"2":{"start":{"line":1,"column":29},"end":{"line":1,"column":null}},"3":{"start":{"line":5,"column":19},"end":{"line":5,"column":null}},"4":{"start":{"line":7,"column":2},"end":{"line":17,"column":null}},"5":{"start":{"line":20,"column":2},"end":{"line":20,"column":null}},"6":{"start":{"line":23,"column":22},"end":{"line":25,"column":null}}},"fnMap":{"0":{"name":"middleware","decl":{"start":{"line":4,"column":16},"end":{"line":4,"column":26}},"loc":{"start":{"line":4,"column":47},"end":{"line":21,"column":null}}}},"branchMap":{},"s":{"0":0,"1":0,"2":0,"3":0,"4":0,"5":0,"6":0},"f":{"0":0},"b":{}}
,"/mnt/c/Code/InnovateX-Frontend/next.config.js": {"path":"/mnt/c/Code/InnovateX-Frontend/next.config.js","statementMap":{"0":{"start":{"line":2,"column":19},"end":{"line":30,"column":null}},"1":{"start":{"line":5,"column":4},"end":{"line":7,"column":null}},"2":{"start":{"line":6,"column":6},"end":{"line":6,"column":null}},"3":{"start":{"line":9,"column":4},"end":{"line":27,"column":null}},"4":{"start":{"line":32,"column":0},"end":{"line":32,"column":null}}},"fnMap":{"0":{"name":"(anonymous_0)","decl":{"start":{"line":3,"column":2},"end":{"line":3,"column":8}},"loc":{"start":{"line":3,"column":8},"end":{"line":28,"column":null}}}},"branchMap":{"0":{"loc":{"start":{"line":5,"column":4},"end":{"line":7,"column":null}},"type":"if","locations":[{"start":{"line":5,"column":4},"end":{"line":7,"column":null}}]}},"s":{"0":0,"1":0,"2":0,"3":0,"4":0},"f":{"0":0},"b":{"0":[0]}}
,"/mnt/c/Code/InnovateX-Frontend/postcss.config.js": {"path":"/mnt/c/Code/InnovateX-Frontend/postcss.config.js","statementMap":{"0":{"start":{"line":1,"column":0},"end":{"line":6,"column":null}}},"fnMap":{},"branchMap":{},"s":{"0":0},"f":{},"b":{}}
,"/mnt/c/Code/InnovateX-Frontend/tailwind.config.js": {"path":"/mnt/c/Code/InnovateX-Frontend/tailwind.config.js","statementMap":{"0":{"start":{"line":2,"column":0},"end":{"line":91,"column":null}}},"fnMap":{},"branchMap":{},"s":{"0":0},"f":{},"b":{}}
,"/mnt/c/Code/InnovateX-Frontend/components/DigitalFitCheck.tsx": {"path":"/mnt/c/Code/InnovateX-Frontend/components/DigitalFitCheck.tsx","statementMap":{"0":{"start":{"line":50,"column":13},"end":{"line":50,"column":63}},"1":{"start":{"line":1,"column":23},"end":{"line":1,"column":null}},"2":{"start":{"line":2,"column":23},"end":{"line":2,"column":null}},"3":{"start":{"line":3,"column":69},"end":{"line":3,"column":null}},"4":{"start":{"line":4,"column":22},"end":{"line":4,"column":null}},"5":{"start":{"line":5,"column":27},"end":{"line":5,"column":null}},"6":{"start":{"line":6,"column":25},"end":{"line":6,"column":null}},"7":{"start":{"line":8,"column":48},"end":{"line":8,"column":null}},"8":{"start":{"line":9,"column":19},"end":{"line":9,"column":null}},"9":{"start":{"line":50,"column":63},"end":{"line":464,"column":null}},"10":{"start":{"line":56,"column":34},"end":{"line":56,"column":null}},"11":{"start":{"line":57,"column":40},"end":{"line":57,"column":null}},"12":{"start":{"line":58,"column":40},"end":{"line":58,"column":null}},"13":{"start":{"line":59,"column":36},"end":{"line":59,"column":null}},"14":{"start":{"line":60,"column":28},"end":{"line":60,"column":null}},"15":{"start":{"line":62,"column":24},"end":{"line":62,"column":null}},"16":{"start":{"line":65,"column":2},"end":{"line":70,"column":null}},"17":{"start":{"line":66,"column":4},"end":{"line":69,"column":null}},"18":{"start":{"line":73,"column":25},"end":{"line":80,"column":null}},"19":{"start":{"line":74,"column":4},"end":{"line":79,"column":null}},"20":{"start":{"line":75,"column":30},"end":{"line":75,"column":null}},"21":{"start":{"line":76,"column":6},"end":{"line":78,"column":null}},"22":{"start":{"line":77,"column":8},"end":{"line":77,"column":null}},"23":{"start":{"line":83,"column":2},"end":{"line":85,"column":null}},"24":{"start":{"line":84,"column":4},"end":{"line":84,"column":null}},"25":{"start":{"line":88,"column":28},"end":{"line":113,"column":null}},"26":{"start":{"line":89,"column":4},"end":{"line":112,"column":null}},"27":{"start":{"line":90,"column":6},"end":{"line":90,"column":null}},"28":{"start":{"line":91,"column":11},"end":{"line":112,"column":null}},"29":{"start":{"line":92,"column":6},"end":{"line":92,"column":null}},"30":{"start":{"line":116,"column":22},"end":{"line":155,"column":null}},"31":{"start":{"line":117,"column":4},"end":{"line":117,"column":null}},"32":{"start":{"line":118,"column":4},"end":{"line":154,"column":null}},"33":{"start":{"line":119,"column":23},"end":{"line":127,"column":null}},"34":{"start":{"line":129,"column":6},"end":{"line":132,"column":null}},"35":{"start":{"line":130,"column":26},"end":{"line":130,"column":null}},"36":{"start":{"line":131,"column":8},"end":{"line":131,"column":null}},"37":{"start":{"line":134,"column":19},"end":{"line":134,"column":null}},"38":{"start":{"line":136,"column":6},"end":{"line":139,"column":null}},"39":{"start":{"line":136,"column":26},"end":{"line":139,"column":null}},"40":{"start":{"line":141,"column":6},"end":{"line":143,"column":null}},"41":{"start":{"line":142,"column":8},"end":{"line":142,"column":null}},"42":{"start":{"line":145,"column":6},"end":{"line":145,"column":null}},"43":{"start":{"line":147,"column":6},"end":{"line":147,"column":null}},"44":{"start":{"line":148,"column":6},"end":{"line":151,"column":null}},"45":{"start":{"line":148,"column":26},"end":{"line":151,"column":null}},"46":{"start":{"line":153,"column":6},"end":{"line":153,"column":null}},"47":{"start":{"line":158,"column":30},"end":{"line":217,"column":null}},"48":{"start":{"line":170,"column":16},"end":{"line":171,"column":null}},"49":{"start":{"line":173,"column":33},"end":{"line":173,"column":null}},"50":{"start":{"line":220,"column":25},"end":{"line":229,"column":null}},"51":{"start":{"line":221,"column":4},"end":{"line":228,"column":null}},"52":{"start":{"line":222,"column":14},"end":{"line":222,"column":null}},"53":{"start":{"line":223,"column":14},"end":{"line":223,"column":null}},"54":{"start":{"line":224,"column":14},"end":{"line":224,"column":null}},"55":{"start":{"line":225,"column":14},"end":{"line":225,"column":null}},"56":{"start":{"line":226,"column":14},"end":{"line":226,"column":null}},"57":{"start":{"line":227,"column":15},"end":{"line":227,"column":null}},"58":{"start":{"line":232,"column":32},"end":{"line":258,"column":null}},"59":{"start":{"line":245,"column":27},"end":{"line":248,"column":null}},"60":{"start":{"line":245,"column":52},"end":{"line":248,"column":null}},"61":{"start":{"line":261,"column":28},"end":{"line":297,"column":null}},"62":{"start":{"line":262,"column":4},"end":{"line":268,"column":null}},"63":{"start":{"line":263,"column":6},"end":{"line":266,"column":null}},"64":{"start":{"line":263,"column":26},"end":{"line":266,"column":null}},"65":{"start":{"line":267,"column":6},"end":{"line":267,"column":null}},"66":{"start":{"line":270,"column":4},"end":{"line":270,"column":null}},"67":{"start":{"line":271,"column":4},"end":{"line":296,"column":null}},"68":{"start":{"line":272,"column":23},"end":{"line":276,"column":null}},"69":{"start":{"line":278,"column":19},"end":{"line":278,"column":null}},"70":{"start":{"line":280,"column":6},"end":{"line":282,"column":null}},"71":{"start":{"line":281,"column":8},"end":{"line":281,"column":null}},"72":{"start":{"line":284,"column":6},"end":{"line":287,"column":null}},"73":{"start":{"line":284,"column":26},"end":{"line":287,"column":null}},"74":{"start":{"line":289,"column":6},"end":{"line":289,"column":null}},"75":{"start":{"line":290,"column":6},"end":{"line":293,"column":null}},"76":{"start":{"line":290,"column":26},"end":{"line":293,"column":null}},"77":{"start":{"line":295,"column":6},"end":{"line":295,"column":null}},"78":{"start":{"line":299,"column":28},"end":{"line":302,"column":null}},"79":{"start":{"line":300,"column":4},"end":{"line":300,"column":null}},"80":{"start":{"line":300,"column":23},"end":{"line":300,"column":null}},"81":{"start":{"line":301,"column":4},"end":{"line":301,"column":null}},"82":{"start":{"line":304,"column":21},"end":{"line":360,"column":null}},"83":{"start":{"line":305,"column":4},"end":{"line":305,"column":null}},"84":{"start":{"line":305,"column":26},"end":{"line":305,"column":null}},"85":{"start":{"line":307,"column":24},"end":{"line":307,"column":null}},"86":{"start":{"line":308,"column":4},"end":{"line":308,"column":null}},"87":{"start":{"line":308,"column":24},"end":{"line":308,"column":null}},"88":{"start":{"line":309,"column":4},"end":{"line":309,"column":null}},"89":{"start":{"line":310,"column":4},"end":{"line":310,"column":null}},"90":{"start":{"line":312,"column":4},"end":{"line":359,"column":null}},"91":{"start":{"line":313,"column":23},"end":{"line":327,"column":null}},"92":{"start":{"line":322,"column":61},"end":{"line":325,"column":null}},"93":{"start":{"line":329,"column":19},"end":{"line":329,"column":null}},"94":{"start":{"line":331,"column":6},"end":{"line":333,"column":null}},"95":{"start":{"line":332,"column":8},"end":{"line":332,"column":null}},"96":{"start":{"line":335,"column":6},"end":{"line":341,"column":null}},"97":{"start":{"line":336,"column":8},"end":{"line":336,"column":null}},"98":{"start":{"line":338,"column":8},"end":{"line":340,"column":null}},"99":{"start":{"line":339,"column":10},"end":{"line":339,"column":null}},"100":{"start":{"line":343,"column":6},"end":{"line":346,"column":null}},"101":{"start":{"line":343,"column":26},"end":{"line":346,"column":null}},"102":{"start":{"line":349,"column":6},"end":{"line":349,"column":null}},"103":{"start":{"line":352,"column":6},"end":{"line":352,"column":null}},"104":{"start":{"line":353,"column":6},"end":{"line":356,"column":null}},"105":{"start":{"line":353,"column":26},"end":{"line":356,"column":null}},"106":{"start":{"line":358,"column":6},"end":{"line":358,"column":null}},"107":{"start":{"line":362,"column":21},"end":{"line":368,"column":null}},"108":{"start":{"line":363,"column":4},"end":{"line":367,"column":null}},"109":{"start":{"line":364,"column":6},"end":{"line":364,"column":null}},"110":{"start":{"line":366,"column":6},"end":{"line":366,"column":null}},"111":{"start":{"line":370,"column":28},"end":{"line":379,"column":null}},"112":{"start":{"line":371,"column":4},"end":{"line":378,"column":null}},"113":{"start":{"line":372,"column":14},"end":{"line":372,"column":null}},"114":{"start":{"line":373,"column":14},"end":{"line":373,"column":null}},"115":{"start":{"line":374,"column":14},"end":{"line":374,"column":null}},"116":{"start":{"line":375,"column":14},"end":{"line":375,"column":null}},"117":{"start":{"line":376,"column":14},"end":{"line":376,"column":null}},"118":{"start":{"line":377,"column":15},"end":{"line":377,"column":null}},"119":{"start":{"line":381,"column":29},"end":{"line":387,"column":null}},"120":{"start":{"line":382,"column":4},"end":{"line":386,"column":null}},"121":{"start":{"line":383,"column":6},"end":{"line":383,"column":null}},"122":{"start":{"line":385,"column":6},"end":{"line":385,"column":null}},"123":{"start":{"line":393,"column":8},"end":{"line":394,"column":null}}},"fnMap":{"0":{"name":"(anonymous_4)","decl":{"start":{"line":50,"column":63},"end":{"line":50,"column":64}},"loc":{"start":{"line":55,"column":1},"end":{"line":464,"column":null}}},"1":{"name":"(anonymous_5)","decl":{"start":{"line":65,"column":18},"end":{"line":65,"column":null}},"loc":{"start":{"line":65,"column":18},"end":{"line":70,"column":5}}},"2":{"name":"(anonymous_6)","decl":{"start":{"line":73,"column":25},"end":{"line":73,"column":null}},"loc":{"start":{"line":73,"column":25},"end":{"line":80,"column":null}}},"3":{"name":"(anonymous_7)","decl":{"start":{"line":83,"column":18},"end":{"line":83,"column":null}},"loc":{"start":{"line":83,"column":18},"end":{"line":85,"column":5}}},"4":{"name":"(anonymous_8)","decl":{"start":{"line":88,"column":28},"end":{"line":88,"column":null}},"loc":{"start":{"line":88,"column":28},"end":{"line":113,"column":null}}},"5":{"name":"(anonymous_9)","decl":{"start":{"line":116,"column":22},"end":{"line":116,"column":null}},"loc":{"start":{"line":116,"column":22},"end":{"line":155,"column":null}}},"6":{"name":"(anonymous_10)","decl":{"start":{"line":136,"column":18},"end":{"line":136,"column":26}},"loc":{"start":{"line":136,"column":26},"end":{"line":139,"column":null}}},"7":{"name":"(anonymous_11)","decl":{"start":{"line":148,"column":18},"end":{"line":148,"column":26}},"loc":{"start":{"line":148,"column":26},"end":{"line":151,"column":null}}},"8":{"name":"(anonymous_12)","decl":{"start":{"line":158,"column":30},"end":{"line":158,"column":null}},"loc":{"start":{"line":158,"column":30},"end":{"line":217,"column":null}}},"9":{"name":"(anonymous_13)","decl":{"start":{"line":169,"column":35},"end":{"line":169,"column":36}},"loc":{"start":{"line":170,"column":16},"end":{"line":171,"column":null}}},"10":{"name":"(anonymous_14)","decl":{"start":{"line":173,"column":27},"end":{"line":173,"column":33}},"loc":{"start":{"line":173,"column":33},"end":{"line":173,"column":null}}},"11":{"name":"(anonymous_15)","decl":{"start":{"line":220,"column":25},"end":{"line":220,"column":26}},"loc":{"start":{"line":220,"column":26},"end":{"line":229,"column":null}}},"12":{"name":"(anonymous_16)","decl":{"start":{"line":232,"column":32},"end":{"line":232,"column":null}},"loc":{"start":{"line":232,"column":32},"end":{"line":258,"column":null}}},"13":{"name":"(anonymous_17)","decl":{"start":{"line":245,"column":20},"end":{"line":245,"column":21}},"loc":{"start":{"line":245,"column":27},"end":{"line":248,"column":null}}},"14":{"name":"(anonymous_18)","decl":{"start":{"line":245,"column":43},"end":{"line":245,"column":52}},"loc":{"start":{"line":245,"column":52},"end":{"line":248,"column":null}}},"15":{"name":"(anonymous_19)","decl":{"start":{"line":261,"column":28},"end":{"line":261,"column":null}},"loc":{"start":{"line":261,"column":28},"end":{"line":297,"column":null}}},"16":{"name":"(anonymous_20)","decl":{"start":{"line":263,"column":18},"end":{"line":263,"column":26}},"loc":{"start":{"line":263,"column":26},"end":{"line":266,"column":null}}},"17":{"name":"(anonymous_21)","decl":{"start":{"line":284,"column":18},"end":{"line":284,"column":26}},"loc":{"start":{"line":284,"column":26},"end":{"line":287,"column":null}}},"18":{"name":"(anonymous_22)","decl":{"start":{"line":290,"column":18},"end":{"line":290,"column":26}},"loc":{"start":{"line":290,"column":26},"end":{"line":293,"column":null}}},"19":{"name":"(anonymous_23)","decl":{"start":{"line":299,"column":28},"end":{"line":299,"column":null}},"loc":{"start":{"line":299,"column":28},"end":{"line":302,"column":null}}},"20":{"name":"(anonymous_24)","decl":{"start":{"line":304,"column":21},"end":{"line":304,"column":28}},"loc":{"start":{"line":304,"column":28},"end":{"line":360,"column":null}}},"21":{"name":"(anonymous_25)","decl":{"start":{"line":308,"column":16},"end":{"line":308,"column":24}},"loc":{"start":{"line":308,"column":24},"end":{"line":308,"column":null}}},"22":{"name":"(anonymous_26)","decl":{"start":{"line":322,"column":53},"end":{"line":322,"column":61}},"loc":{"start":{"line":322,"column":61},"end":{"line":325,"column":null}}},"23":{"name":"(anonymous_27)","decl":{"start":{"line":343,"column":18},"end":{"line":343,"column":26}},"loc":{"start":{"line":343,"column":26},"end":{"line":346,"column":null}}},"24":{"name":"(anonymous_28)","decl":{"start":{"line":353,"column":18},"end":{"line":353,"column":26}},"loc":{"start":{"line":353,"column":26},"end":{"line":356,"column":null}}},"25":{"name":"(anonymous_29)","decl":{"start":{"line":362,"column":21},"end":{"line":362,"column":null}},"loc":{"start":{"line":362,"column":21},"end":{"line":368,"column":null}}},"26":{"name":"(anonymous_30)","decl":{"start":{"line":370,"column":28},"end":{"line":370,"column":29}},"loc":{"start":{"line":370,"column":29},"end":{"line":379,"column":null}}},"27":{"name":"(anonymous_31)","decl":{"start":{"line":381,"column":29},"end":{"line":381,"column":null}},"loc":{"start":{"line":381,"column":29},"end":{"line":387,"column":null}}},"28":{"name":"(anonymous_33)","decl":{"start":{"line":392,"column":20},"end":{"line":392,"column":21}},"loc":{"start":{"line":393,"column":8},"end":{"line":394,"column":null}}}},"branchMap":{"0":{"loc":{"start":{"line":74,"column":4},"end":{"line":79,"column":null}},"type":"if","locations":[{"start":{"line":74,"column":4},"end":{"line":79,"column":null}}]},"1":{"loc":{"start":{"line":76,"column":6},"end":{"line":78,"column":null}},"type":"if","locations":[{"start":{"line":76,"column":6},"end":{"line":78,"column":null}}]},"2":{"loc":{"start":{"line":89,"column":4},"end":{"line":112,"column":null}},"type":"if","locations":[{"start":{"line":89,"column":4},"end":{"line":112,"column":null}},{"start":{"line":91,"column":11},"end":{"line":112,"column":null}}]},"3":{"loc":{"start":{"line":89,"column":8},"end":{"line":89,"column":50}},"type":"binary-expr","locations":[{"start":{"line":89,"column":8},"end":{"line":89,"column":36}},{"start":{"line":89,"column":36},"end":{"line":89,"column":50}}]},"4":{"loc":{"start":{"line":91,"column":11},"end":{"line":112,"column":null}},"type":"if","locations":[{"start":{"line":91,"column":11},"end":{"line":112,"column":null}},{"start":{"line":93,"column":11},"end":{"line":112,"column":null}}]},"5":{"loc":{"start":{"line":101,"column":13},"end":{"line":107,"column":null}},"type":"cond-expr","locations":[{"start":{"line":102,"column":14},"end":{"line":107,"column":null}},{"start":{"line":107,"column":14},"end":{"line":107,"column":null}}]},"6":{"loc":{"start":{"line":129,"column":6},"end":{"line":132,"column":null}},"type":"if","locations":[{"start":{"line":129,"column":6},"end":{"line":132,"column":null}}]},"7":{"loc":{"start":{"line":131,"column":24},"end":{"line":131,"column":null}},"type":"binary-expr","locations":[{"start":{"line":131,"column":24},"end":{"line":131,"column":41}},{"start":{"line":131,"column":45},"end":{"line":131,"column":null}}]},"8":{"loc":{"start":{"line":141,"column":6},"end":{"line":143,"column":null}},"type":"if","locations":[{"start":{"line":141,"column":6},"end":{"line":143,"column":null}}]},"9":{"loc":{"start":{"line":172,"column":27},"end":{"line":172,"column":null}},"type":"cond-expr","locations":[{"start":{"line":172,"column":51},"end":{"line":172,"column":63}},{"start":{"line":172,"column":63},"end":{"line":172,"column":null}}]},"10":{"loc":{"start":{"line":176,"column":20},"end":{"line":176,"column":null}},"type":"binary-expr","locations":[{"start":{"line":176,"column":20},"end":{"line":176,"column":45}},{"start":{"line":176,"column":45},"end":{"line":176,"column":null}}]},"11":{"loc":{"start":{"line":196,"column":13},"end":{"line":196,"column":141}},"type":"cond-expr","locations":[{"start":{"line":196,"column":41},"end":{"line":196,"column":60}},{"start":{"line":196,"column":60},"end":{"line":196,"column":141}}]},"12":{"loc":{"start":{"line":196,"column":98},"end":{"line":196,"column":141}},"type":"cond-expr","locations":[{"start":{"line":196,"column":128},"end":{"line":196,"column":135}},{"start":{"line":196,"column":135},"end":{"line":196,"column":141}}]},"13":{"loc":{"start":{"line":221,"column":4},"end":{"line":228,"column":null}},"type":"switch","locations":[{"start":{"line":222,"column":6},"end":{"line":222,"column":null}},{"start":{"line":223,"column":6},"end":{"line":223,"column":null}},{"start":{"line":224,"column":6},"end":{"line":224,"column":null}},{"start":{"line":225,"column":6},"end":{"line":225,"column":null}},{"start":{"line":226,"column":6},"end":{"line":226,"column":null}},{"start":{"line":227,"column":6},"end":{"line":227,"column":null}}]},"14":{"loc":{"start":{"line":262,"column":4},"end":{"line":268,"column":null}},"type":"if","locations":[{"start":{"line":262,"column":4},"end":{"line":268,"column":null}}]},"15":{"loc":{"start":{"line":280,"column":6},"end":{"line":282,"column":null}},"type":"if","locations":[{"start":{"line":280,"column":6},"end":{"line":282,"column":null}}]},"16":{"loc":{"start":{"line":281,"column":24},"end":{"line":281,"column":null}},"type":"binary-expr","locations":[{"start":{"line":281,"column":24},"end":{"line":281,"column":36}},{"start":{"line":281,"column":40},"end":{"line":281,"column":null}}]},"17":{"loc":{"start":{"line":292,"column":17},"end":{"line":292,"column":null}},"type":"cond-expr","locations":[{"start":{"line":292,"column":42},"end":{"line":292,"column":55}},{"start":{"line":292,"column":58},"end":{"line":292,"column":null}}]},"18":{"loc":{"start":{"line":300,"column":4},"end":{"line":300,"column":null}},"type":"if","locations":[{"start":{"line":300,"column":4},"end":{"line":300,"column":null}}]},"19":{"loc":{"start":{"line":305,"column":4},"end":{"line":305,"column":null}},"type":"if","locations":[{"start":{"line":305,"column":4},"end":{"line":305,"column":null}}]},"20":{"loc":{"start":{"line":323,"column":18},"end":{"line":323,"column":null}},"type":"cond-expr","locations":[{"start":{"line":323,"column":40},"end":{"line":323,"column":49}},{"start":{"line":323,"column":49},"end":{"line":323,"column":null}}]},"21":{"loc":{"start":{"line":331,"column":6},"end":{"line":333,"column":null}},"type":"if","locations":[{"start":{"line":331,"column":6},"end":{"line":333,"column":null}}]},"22":{"loc":{"start":{"line":332,"column":24},"end":{"line":332,"column":null}},"type":"binary-expr","locations":[{"start":{"line":332,"column":24},"end":{"line":332,"column":36}},{"start":{"line":332,"column":40},"end":{"line":332,"column":null}}]},"23":{"loc":{"start":{"line":335,"column":6},"end":{"line":341,"column":null}},"type":"if","locations":[{"start":{"line":335,"column":6},"end":{"line":341,"column":null}}]},"24":{"loc":{"start":{"line":338,"column":8},"end":{"line":340,"column":null}},"type":"if","locations":[{"start":{"line":338,"column":8},"end":{"line":340,"column":null}}]},"25":{"loc":{"start":{"line":355,"column":17},"end":{"line":355,"column":null}},"type":"cond-expr","locations":[{"start":{"line":355,"column":42},"end":{"line":355,"column":55}},{"start":{"line":355,"column":58},"end":{"line":355,"column":null}}]},"26":{"loc":{"start":{"line":371,"column":4},"end":{"line":378,"column":null}},"type":"switch","locations":[{"start":{"line":372,"column":6},"end":{"line":372,"column":null}},{"start":{"line":373,"column":6},"end":{"line":373,"column":null}},{"start":{"line":374,"column":6},"end":{"line":374,"column":null}},{"start":{"line":375,"column":6},"end":{"line":375,"column":null}},{"start":{"line":376,"column":6},"end":{"line":376,"column":null}},{"start":{"line":377,"column":6},"end":{"line":377,"column":null}}]},"27":{"loc":{"start":{"line":396,"column":12},"end":{"line":396,"column":null}},"type":"cond-expr","locations":[{"start":{"line":396,"column":38},"end":{"line":396,"column":59}},{"start":{"line":396,"column":59},"end":{"line":396,"column":null}}]},"28":{"loc":{"start":{"line":401,"column":14},"end":{"line":403,"column":null}},"type":"cond-expr","locations":[{"start":{"line":402,"column":18},"end":{"line":402,"column":null}},{"start":{"line":403,"column":18},"end":{"line":403,"column":null}}]},"29":{"loc":{"start":{"line":407,"column":14},"end":{"line":409,"column":15}},"type":"cond-expr","locations":[{"start":{"line":407,"column":14},"end":{"line":409,"column":15}}]},"30":{"loc":{"start":{"line":414,"column":14},"end":{"line":416,"column":null}},"type":"cond-expr","locations":[{"start":{"line":415,"column":18},"end":{"line":415,"column":null}},{"start":{"line":416,"column":18},"end":{"line":416,"column":null}}]},"31":{"loc":{"start":{"line":444,"column":13},"end":{"line":444,"column":null}},"type":"binary-expr","locations":[{"start":{"line":444,"column":13},"end":{"line":444,"column":null}}]},"32":{"loc":{"start":{"line":454,"column":9},"end":{"line":454,"column":null}},"type":"binary-expr","locations":[{"start":{"line":454,"column":9},"end":{"line":454,"column":24}},{"start":{"line":454,"column":24},"end":{"line":454,"column":41}},{"start":{"line":454,"column":41},"end":{"line":454,"column":64}},{"start":{"line":454,"column":70},"end":{"line":454,"column":null}}]},"33":{"loc":{"start":{"line":455,"column":9},"end":{"line":455,"column":null}},"type":"binary-expr","locations":[{"start":{"line":455,"column":9},"end":{"line":455,"column":null}}]}},"s":{"0":0,"1":0,"2":0,"3":0,"4":0,"5":0,"6":0,"7":0,"8":0,"9":0,"10":0,"11":0,"12":0,"13":0,"14":0,"15":0,"16":0,"17":0,"18":0,"19":0,"20":0,"21":0,"22":0,"23":0,"24":0,"25":0,"26":0,"27":0,"28":0,"29":0,"30":0,"31":0,"32":0,"33":0,"34":0,"35":0,"36":0,"37":0,"38":0,"39":0,"40":0,"41":0,"42":0,"43":0,"44":0,"45":0,"46":0,"47":0,"48":0,"49":0,"50":0,"51":0,"52":0,"53":0,"54":0,"55":0,"56":0,"57":0,"58":0,"59":0,"60":0,"61":0,"62":0,"63":0,"64":0,"65":0,"66":0,"67":0,"68":0,"69":0,"70":0,"71":0,"72":0,"73":0,"74":0,"75":0,"76":0,"77":0,"78":0,"79":0,"80":0,"81":0,"82":0,"83":0,"84":0,"85":0,"86":0,"87":0,"88":0,"89":0,"90":0,"91":0,"92":0,"93":0,"94":0,"95":0,"96":0,"97":0,"98":0,"99":0,"100":0,"101":0,"102":0,"103":0,"104":0,"105":0,"106":0,"107":0,"108":0,"109":0,"110":0,"111":0,"112":0,"113":0,"114":0,"115":0,"116":0,"117":0,"118":0,"119":0,"120":0,"121":0,"122":0,"123":0},"f":{"0":0,"1":0,"2":0,"3":0,"4":0,"5":0,"6":0,"7":0,"8":0,"9":0,"10":0,"11":0,"12":0,"13":0,"14":0,"15":0,"16":0,"17":0,"18":0,"19":0,"20":0,"21":0,"22":0,"23":0,"24":0,"25":0,"26":0,"27":0,"28":0},"b":{"0":[0],"1":[0],"2":[0,0],"3":[0,0],"4":[0,0],"5":[0,0],"6":[0],"7":[0,0],"8":[0],"9":[0,0],"10":[0,0],"11":[0,0],"12":[0,0],"13":[0,0,0,0,0,0],"14":[0],"15":[0],"16":[0,0],"17":[0,0],"18":[0],"19":[0],"20":[0,0],"21":[0],"22":[0,0],"23":[0],"24":[0],"25":[0,0],"26":[0,0,0,0,0,0],"27":[0,0],"28":[0,0],"29":[0],"30":[0,0],"31":[0],"32":[0,0,0,0],"33":[0]}}
,"/mnt/c/Code/InnovateX-Frontend/components/Footer.tsx": {"path":"/mnt/c/Code/InnovateX-Frontend/components/Footer.tsx","statementMap":{"0":{"start":{"line":101,"column":0},"end":{"line":101,"column":15}},"1":{"start":{"line":1,"column":32},"end":{"line":1,"column":null}},"2":{"start":{"line":2,"column":17},"end":{"line":2,"column":null}},"3":{"start":{"line":3,"column":63},"end":{"line":3,"column":null}},"4":{"start":{"line":5,"column":25},"end":{"line":99,"column":null}},"5":{"start":{"line":6,"column":28},"end":{"line":6,"column":null}},"6":{"start":{"line":8,"column":23},"end":{"line":21,"column":null}},"7":{"start":{"line":9,"column":4},"end":{"line":9,"column":null}},"8":{"start":{"line":10,"column":4},"end":{"line":10,"column":null}},"9":{"start":{"line":11,"column":4},"end":{"line":19,"column":null}},"10":{"start":{"line":14,"column":6},"end":{"line":14,"column":null}},"11":{"start":{"line":16,"column":6},"end":{"line":16,"column":null}},"12":{"start":{"line":18,"column":6},"end":{"line":18,"column":null}},"13":{"start":{"line":20,"column":4},"end":{"line":20,"column":null}},"14":{"start":{"line":69,"column":33},"end":{"line":69,"column":null}},"15":{"start":{"line":101,"column":15},"end":{"line":101,"column":null}}},"fnMap":{"0":{"name":"(anonymous_5)","decl":{"start":{"line":5,"column":25},"end":{"line":5,"column":null}},"loc":{"start":{"line":5,"column":25},"end":{"line":99,"column":null}}},"1":{"name":"(anonymous_6)","decl":{"start":{"line":8,"column":23},"end":{"line":8,"column":24}},"loc":{"start":{"line":8,"column":24},"end":{"line":21,"column":null}}},"2":{"name":"(anonymous_7)","decl":{"start":{"line":69,"column":26},"end":{"line":69,"column":27}},"loc":{"start":{"line":69,"column":33},"end":{"line":69,"column":null}}}},"branchMap":{},"s":{"0":0,"1":0,"2":0,"3":0,"4":0,"5":0,"6":0,"7":0,"8":0,"9":0,"10":0,"11":0,"12":0,"13":0,"14":0,"15":0},"f":{"0":0,"1":0,"2":0},"b":{}}
,"/mnt/c/Code/InnovateX-Frontend/components/Header.tsx": {"path":"/mnt/c/Code/InnovateX-Frontend/components/Header.tsx","statementMap":{"0":{"start":{"line":91,"column":0},"end":{"line":91,"column":15}},"1":{"start":{"line":1,"column":32},"end":{"line":1,"column":null}},"2":{"start":{"line":2,"column":18},"end":{"line":2,"column":null}},"3":{"start":{"line":3,"column":17},"end":{"line":3,"column":null}},"4":{"start":{"line":4,"column":19},"end":{"line":4,"column":null}},"5":{"start":{"line":11,"column":7},"end":{"line":11,"column":null}},"6":{"start":{"line":13,"column":21},"end":{"line":13,"column":null}},"7":{"start":{"line":14,"column":23},"end":{"line":14,"column":null}},"8":{"start":{"line":16,"column":37},"end":{"line":58,"column":null}},"9":{"start":{"line":60,"column":25},"end":{"line":89,"column":null}},"10":{"start":{"line":61,"column":46},"end":{"line":61,"column":null}},"11":{"start":{"line":77,"column":25},"end":{"line":77,"column":null}},"12":{"start":{"line":91,"column":15},"end":{"line":91,"column":null}}},"fnMap":{"0":{"name":"(anonymous_5)","decl":{"start":{"line":16,"column":37},"end":{"line":16,"column":null}},"loc":{"start":{"line":16,"column":37},"end":{"line":58,"column":null}}},"1":{"name":"(anonymous_6)","decl":{"start":{"line":60,"column":25},"end":{"line":60,"column":null}},"loc":{"start":{"line":60,"column":25},"end":{"line":89,"column":null}}},"2":{"name":"(anonymous_7)","decl":{"start":{"line":77,"column":19},"end":{"line":77,"column":25}},"loc":{"start":{"line":77,"column":25},"end":{"line":77,"column":null}}}},"branchMap":{"0":{"loc":{"start":{"line":82,"column":7},"end":{"line":82,"column":null}},"type":"binary-expr","locations":[{"start":{"line":82,"column":7},"end":{"line":82,"column":null}}]}},"s":{"0":0,"1":0,"2":0,"3":0,"4":0,"5":0,"6":0,"7":0,"8":0,"9":0,"10":0,"11":0,"12":0},"f":{"0":0,"1":0,"2":0},"b":{"0":[0]}}
,"/mnt/c/Code/InnovateX-Frontend/components/Layout.tsx": {"path":"/mnt/c/Code/InnovateX-Frontend/components/Layout.tsx","statementMap":{"0":{"start":{"line":21,"column":0},"end":{"line":21,"column":15}},"1":{"start":{"line":1,"column":18},"end":{"line":1,"column":null}},"2":{"start":{"line":2,"column":19},"end":{"line":2,"column":null}},"3":{"start":{"line":3,"column":19},"end":{"line":3,"column":null}},"4":{"start":{"line":9,"column":38},"end":{"line":19,"column":null}},"5":{"start":{"line":21,"column":15},"end":{"line":21,"column":null}}},"fnMap":{"0":{"name":"(anonymous_2)","decl":{"start":{"line":9,"column":38},"end":{"line":9,"column":39}},"loc":{"start":{"line":9,"column":51},"end":{"line":19,"column":null}}}},"branchMap":{},"s":{"0":0,"1":0,"2":0,"3":0,"4":0,"5":0},"f":{"0":0},"b":{}}
,"/mnt/c/Code/InnovateX-Frontend/components/Navigation.tsx": {"path":"/mnt/c/Code/InnovateX-Frontend/components/Navigation.tsx","statementMap":{"0":{"start":{"line":18,"column":0},"end":{"line":18,"column":15}},"1":{"start":{"line":1,"column":18},"end":{"line":1,"column":null}},"2":{"start":{"line":2,"column":17},"end":{"line":2,"column":null}},"3":{"start":{"line":4,"column":29},"end":{"line":16,"column":null}},"4":{"start":{"line":18,"column":15},"end":{"line":18,"column":null}}},"fnMap":{"0":{"name":"(anonymous_2)","decl":{"start":{"line":4,"column":29},"end":{"line":4,"column":null}},"loc":{"start":{"line":4,"column":29},"end":{"line":16,"column":null}}}},"branchMap":{},"s":{"0":0,"1":0,"2":0,"3":0,"4":0},"f":{"0":0},"b":{}}
,"/mnt/c/Code/InnovateX-Frontend/components/NavigationMenu.tsx": {"path":"/mnt/c/Code/InnovateX-Frontend/components/NavigationMenu.tsx","statementMap":{"0":{"start":{"line":23,"column":0},"end":{"line":23,"column":15}},"1":{"start":{"line":1,"column":23},"end":{"line":1,"column":null}},"2":{"start":{"line":11,"column":7},"end":{"line":11,"column":null}},"3":{"start":{"line":13,"column":27},"end":{"line":21,"column":null}},"4":{"start":{"line":23,"column":15},"end":{"line":23,"column":null}}},"fnMap":{"0":{"name":"(anonymous_4)","decl":{"start":{"line":13,"column":27},"end":{"line":13,"column":null}},"loc":{"start":{"line":13,"column":27},"end":{"line":21,"column":null}}}},"branchMap":{},"s":{"0":0,"1":0,"2":0,"3":0,"4":0},"f":{"0":0},"b":{}}
,"/mnt/c/Code/InnovateX-Frontend/components/ui/button.tsx": {"path":"/mnt/c/Code/InnovateX-Frontend/components/ui/button.tsx","statementMap":{"0":{"start":{"line":57,"column":9},"end":{"line":57,"column":15}},"1":{"start":{"line":57,"column":17},"end":{"line":57,"column":31}},"2":{"start":{"line":1,"column":23},"end":{"line":1,"column":null}},"3":{"start":{"line":2,"column":21},"end":{"line":2,"column":null}},"4":{"start":{"line":3,"column":39},"end":{"line":3,"column":null}},"5":{"start":{"line":5,"column":19},"end":{"line":5,"column":null}},"6":{"start":{"line":7,"column":23},"end":{"line":34,"column":null}},"7":{"start":{"line":43,"column":15},"end":{"line":53,"column":null}},"8":{"start":{"line":45,"column":17},"end":{"line":45,"column":null}},"9":{"start":{"line":55,"column":0},"end":{"line":55,"column":null}}},"fnMap":{"0":{"name":"(anonymous_6)","decl":{"start":{"line":44,"column":2},"end":{"line":44,"column":3}},"loc":{"start":{"line":44,"column":60},"end":{"line":53,"column":null}}}},"branchMap":{"0":{"loc":{"start":{"line":44,"column":31},"end":{"line":44,"column":46}},"type":"default-arg","locations":[{"start":{"line":44,"column":41},"end":{"line":44,"column":46}}]},"1":{"loc":{"start":{"line":45,"column":17},"end":{"line":45,"column":null}},"type":"cond-expr","locations":[{"start":{"line":45,"column":27},"end":{"line":45,"column":31}},{"start":{"line":45,"column":34},"end":{"line":45,"column":null}}]}},"s":{"0":0,"1":0,"2":0,"3":0,"4":0,"5":0,"6":0,"7":0,"8":0,"9":0},"f":{"0":0},"b":{"0":[0],"1":[0,0]}}
,"/mnt/c/Code/InnovateX-Frontend/components/ui/card.tsx": {"path":"/mnt/c/Code/InnovateX-Frontend/components/ui/card.tsx","statementMap":{"0":{"start":{"line":76,"column":9},"end":{"line":76,"column":13}},"1":{"start":{"line":76,"column":67},"end":{"line":76,"column":78}},"2":{"start":{"line":76,"column":50},"end":{"line":76,"column":65}},"3":{"start":{"line":76,"column":27},"end":{"line":76,"column":37}},"4":{"start":{"line":76,"column":15},"end":{"line":76,"column":25}},"5":{"start":{"line":76,"column":39},"end":{"line":76,"column":48}},"6":{"start":{"line":1,"column":23},"end":{"line":1,"column":null}},"7":{"start":{"line":3,"column":19},"end":{"line":3,"column":null}},"8":{"start":{"line":18,"column":0},"end":{"line":18,"column":null}},"9":{"start":{"line":30,"column":0},"end":{"line":30,"column":null}},"10":{"start":{"line":42,"column":0},"end":{"line":42,"column":null}},"11":{"start":{"line":54,"column":0},"end":{"line":54,"column":null}},"12":{"start":{"line":62,"column":0},"end":{"line":62,"column":null}},"13":{"start":{"line":74,"column":0},"end":{"line":74,"column":null}}},"fnMap":{},"branchMap":{},"s":{"0":0,"1":0,"2":0,"3":0,"4":0,"5":0,"6":0,"7":0,"8":0,"9":0,"10":0,"11":0,"12":0,"13":0},"f":{},"b":{}}
,"/mnt/c/Code/InnovateX-Frontend/components/ui/input.tsx": {"path":"/mnt/c/Code/InnovateX-Frontend/components/ui/input.tsx","statementMap":{"0":{"start":{"line":22,"column":9},"end":{"line":22,"column":null}},"1":{"start":{"line":1,"column":23},"end":{"line":1,"column":null}},"2":{"start":{"line":3,"column":19},"end":{"line":3,"column":null}},"3":{"start":{"line":5,"column":14},"end":{"line":18,"column":null}},"4":{"start":{"line":20,"column":0},"end":{"line":20,"column":null}}},"fnMap":{"0":{"name":"(anonymous_4)","decl":{"start":{"line":6,"column":2},"end":{"line":6,"column":3}},"loc":{"start":{"line":6,"column":34},"end":{"line":18,"column":null}}}},"branchMap":{},"s":{"0":0,"1":0,"2":0,"3":0,"4":0},"f":{"0":0},"b":{}}
,"/mnt/c/Code/InnovateX-Frontend/components/ui/label.tsx": {"path":"/mnt/c/Code/InnovateX-Frontend/components/ui/label.tsx","statementMap":{"0":{"start":{"line":24,"column":9},"end":{"line":24,"column":null}},"1":{"start":{"line":1,"column":23},"end":{"line":1,"column":null}},"2":{"start":{"line":2,"column":32},"end":{"line":2,"column":null}},"3":{"start":{"line":3,"column":39},"end":{"line":3,"column":null}},"4":{"start":{"line":5,"column":19},"end":{"line":5,"column":null}},"5":{"start":{"line":7,"column":22},"end":{"line":8,"column":null}},"6":{"start":{"line":22,"column":0},"end":{"line":22,"column":null}}},"fnMap":{},"branchMap":{},"s":{"0":0,"1":0,"2":0,"3":0,"4":0,"5":0,"6":0},"f":{},"b":{}}
,"/mnt/c/Code/InnovateX-Frontend/components/ui/navigation-menu.tsx": {"path":"/mnt/c/Code/InnovateX-Frontend/components/ui/navigation-menu.tsx","statementMap":{"0":{"start":{"line":119,"column":2},"end":{"line":119,"column":16}},"1":{"start":{"line":122,"column":2},"end":{"line":122,"column":23}},"2":{"start":{"line":125,"column":2},"end":{"line":125,"column":25}},"3":{"start":{"line":121,"column":2},"end":{"line":121,"column":20}},"4":{"start":{"line":124,"column":2},"end":{"line":124,"column":20}},"5":{"start":{"line":120,"column":2},"end":{"line":120,"column":20}},"6":{"start":{"line":123,"column":2},"end":{"line":123,"column":23}},"7":{"start":{"line":126,"column":2},"end":{"line":126,"column":24}},"8":{"start":{"line":118,"column":2},"end":{"line":118,"column":28}},"9":{"start":{"line":1,"column":23},"end":{"line":1,"column":null}},"10":{"start":{"line":2,"column":41},"end":{"line":2,"column":null}},"11":{"start":{"line":3,"column":20},"end":{"line":3,"column":null}},"12":{"start":{"line":4,"column":28},"end":{"line":4,"column":null}},"13":{"start":{"line":5,"column":19},"end":{"line":5,"column":null}},"14":{"start":{"line":23,"column":0},"end":{"line":23,"column":null}},"15":{"start":{"line":38,"column":0},"end":{"line":38,"column":null}},"16":{"start":{"line":40,"column":27},"end":{"line":40,"column":55}},"17":{"start":{"line":42,"column":35},"end":{"line":43,"column":null}},"18":{"start":{"line":62,"column":0},"end":{"line":62,"column":null}},"19":{"start":{"line":77,"column":0},"end":{"line":77,"column":null}},"20":{"start":{"line":79,"column":27},"end":{"line":79,"column":55}},"21":{"start":{"line":96,"column":0},"end":{"line":97,"column":null}},"22":{"start":{"line":114,"column":0},"end":{"line":115,"column":null}}},"fnMap":{},"branchMap":{},"s":{"0":0,"1":0,"2":0,"3":0,"4":0,"5":0,"6":0,"7":0,"8":0,"9":0,"10":0,"11":0,"12":0,"13":0,"14":0,"15":0,"16":0,"17":0,"18":0,"19":0,"20":0,"21":0,"22":0},"f":{},"b":{}}
,"/mnt/c/Code/InnovateX-Frontend/components/ui/progress.tsx": {"path":"/mnt/c/Code/InnovateX-Frontend/components/ui/progress.tsx","statementMap":{"0":{"start":{"line":26,"column":9},"end":{"line":26,"column":null}},"1":{"start":{"line":1,"column":23},"end":{"line":1,"column":null}},"2":{"start":{"line":2,"column":35},"end":{"line":2,"column":null}},"3":{"start":{"line":4,"column":19},"end":{"line":4,"column":null}},"4":{"start":{"line":24,"column":0},"end":{"line":24,"column":null}}},"fnMap":{},"branchMap":{"0":{"loc":{"start":{"line":20,"column":48},"end":{"line":20,"column":60}},"type":"binary-expr","locations":[{"start":{"line":20,"column":48},"end":{"line":20,"column":57}},{"start":{"line":20,"column":57},"end":{"line":20,"column":60}}]}},"s":{"0":0,"1":0,"2":0,"3":0,"4":0},"f":{},"b":{"0":[0,0]}}
,"/mnt/c/Code/InnovateX-Frontend/components/ui/scroll-area.tsx": {"path":"/mnt/c/Code/InnovateX-Frontend/components/ui/scroll-area.tsx","statementMap":{"0":{"start":{"line":46,"column":9},"end":{"line":46,"column":19}},"1":{"start":{"line":46,"column":21},"end":{"line":46,"column":30}},"2":{"start":{"line":1,"column":23},"end":{"line":1,"column":null}},"3":{"start":{"line":2,"column":37},"end":{"line":2,"column":null}},"4":{"start":{"line":4,"column":19},"end":{"line":4,"column":null}},"5":{"start":{"line":22,"column":0},"end":{"line":22,"column":null}},"6":{"start":{"line":44,"column":0},"end":{"line":44,"column":null}}},"fnMap":{},"branchMap":{"0":{"loc":{"start":{"line":27,"column":16},"end":{"line":27,"column":40}},"type":"default-arg","locations":[{"start":{"line":27,"column":30},"end":{"line":27,"column":40}}]},"1":{"loc":{"start":{"line":33,"column":6},"end":{"line":34,"column":null}},"type":"binary-expr","locations":[{"start":{"line":33,"column":6},"end":{"line":33,"column":null}},{"start":{"line":34,"column":8},"end":{"line":34,"column":null}}]},"2":{"loc":{"start":{"line":35,"column":6},"end":{"line":36,"column":null}},"type":"binary-expr","locations":[{"start":{"line":35,"column":6},"end":{"line":35,"column":null}},{"start":{"line":36,"column":8},"end":{"line":36,"column":null}}]}},"s":{"0":0,"1":0,"2":0,"3":0,"4":0,"5":0,"6":0},"f":{},"b":{"0":[0],"1":[0,0],"2":[0,0]}}
,"/mnt/c/Code/InnovateX-Frontend/components/ui/select.tsx": {"path":"/mnt/c/Code/InnovateX-Frontend/components/ui/select.tsx","statementMap":{"0":{"start":{"line":147,"column":2},"end":{"line":147,"column":8}},"1":{"start":{"line":151,"column":2},"end":{"line":151,"column":15}},"2":{"start":{"line":148,"column":2},"end":{"line":148,"column":13}},"3":{"start":{"line":153,"column":2},"end":{"line":153,"column":12}},"4":{"start":{"line":152,"column":2},"end":{"line":152,"column":13}},"5":{"start":{"line":156,"column":2},"end":{"line":156,"column":24}},"6":{"start":{"line":155,"column":2},"end":{"line":155,"column":22}},"7":{"start":{"line":154,"column":2},"end":{"line":154,"column":17}},"8":{"start":{"line":150,"column":2},"end":{"line":150,"column":15}},"9":{"start":{"line":149,"column":2},"end":{"line":149,"column":13}},"10":{"start":{"line":1,"column":23},"end":{"line":1,"column":null}},"11":{"start":{"line":2,"column":33},"end":{"line":2,"column":null}},"12":{"start":{"line":3,"column":46},"end":{"line":3,"column":null}},"13":{"start":{"line":5,"column":19},"end":{"line":5,"column":null}},"14":{"start":{"line":7,"column":15},"end":{"line":7,"column":35}},"15":{"start":{"line":9,"column":20},"end":{"line":9,"column":41}},"16":{"start":{"line":11,"column":20},"end":{"line":11,"column":41}},"17":{"start":{"line":31,"column":0},"end":{"line":31,"column":null}},"18":{"start":{"line":48,"column":0},"end":{"line":48,"column":null}},"19":{"start":{"line":65,"column":0},"end":{"line":66,"column":null}},"20":{"start":{"line":98,"column":0},"end":{"line":98,"column":null}},"21":{"start":{"line":110,"column":0},"end":{"line":110,"column":null}},"22":{"start":{"line":132,"column":0},"end":{"line":132,"column":null}},"23":{"start":{"line":144,"column":0},"end":{"line":144,"column":null}}},"fnMap":{},"branchMap":{"0":{"loc":{"start":{"line":71,"column":26},"end":{"line":71,"column":45}},"type":"default-arg","locations":[{"start":{"line":71,"column":37},"end":{"line":71,"column":45}}]},"1":{"loc":{"start":{"line":77,"column":8},"end":{"line":78,"column":null}},"type":"binary-expr","locations":[{"start":{"line":77,"column":8},"end":{"line":77,"column":null}},{"start":{"line":78,"column":10},"end":{"line":78,"column":null}}]},"2":{"loc":{"start":{"line":88,"column":10},"end":{"line":89,"column":null}},"type":"binary-expr","locations":[{"start":{"line":88,"column":10},"end":{"line":88,"column":null}},{"start":{"line":89,"column":12},"end":{"line":89,"column":null}}]}},"s":{"0":0,"1":0,"2":0,"3":0,"4":0,"5":0,"6":0,"7":0,"8":0,"9":0,"10":0,"11":0,"12":0,"13":0,"14":0,"15":0,"16":0,"17":0,"18":0,"19":0,"20":0,"21":0,"22":0,"23":0},"f":{},"b":{"0":[0],"1":[0,0],"2":[0,0]}}
,"/mnt/c/Code/InnovateX-Frontend/components/ui/slider.tsx": {"path":"/mnt/c/Code/InnovateX-Frontend/components/ui/slider.tsx","statementMap":{"0":{"start":{"line":26,"column":9},"end":{"line":26,"column":null}},"1":{"start":{"line":1,"column":23},"end":{"line":1,"column":null}},"2":{"start":{"line":2,"column":33},"end":{"line":2,"column":null}},"3":{"start":{"line":4,"column":19},"end":{"line":4,"column":null}},"4":{"start":{"line":24,"column":0},"end":{"line":24,"column":null}}},"fnMap":{},"branchMap":{},"s":{"0":0,"1":0,"2":0,"3":0,"4":0},"f":{},"b":{}}
,"/mnt/c/Code/InnovateX-Frontend/database/config.ts": {"path":"/mnt/c/Code/InnovateX-Frontend/database/config.ts","statementMap":{"0":{"start":{"line":67,"column":0},"end":{"line":67,"column":15}},"1":{"start":{"line":1,"column":21},"end":{"line":1,"column":null}},"2":{"start":{"line":3,"column":20},"end":{"line":3,"column":43}},"3":{"start":{"line":5,"column":0},"end":{"line":7,"column":null}},"4":{"start":{"line":6,"column":2},"end":{"line":6,"column":null}},"5":{"start":{"line":9,"column":13},"end":{"line":9,"column":28}},"6":{"start":{"line":11,"column":0},"end":{"line":13,"column":null}},"7":{"start":{"line":12,"column":2},"end":{"line":12,"column":null}},"8":{"start":{"line":16,"column":2},"end":{"line":18,"column":null}},"9":{"start":{"line":17,"column":4},"end":{"line":17,"column":null}},"10":{"start":{"line":20,"column":2},"end":{"line":36,"column":null}},"11":{"start":{"line":21,"column":17},"end":{"line":27,"column":null}},"12":{"start":{"line":29,"column":4},"end":{"line":35,"column":null}},"13":{"start":{"line":30,"column":6},"end":{"line":30,"column":null}},"14":{"start":{"line":31,"column":6},"end":{"line":31,"column":null}},"15":{"start":{"line":33,"column":6},"end":{"line":33,"column":null}},"16":{"start":{"line":34,"column":6},"end":{"line":34,"column":null}},"17":{"start":{"line":38,"column":2},"end":{"line":43,"column":null}},"18":{"start":{"line":39,"column":4},"end":{"line":39,"column":null}},"19":{"start":{"line":41,"column":4},"end":{"line":41,"column":null}},"20":{"start":{"line":42,"column":4},"end":{"line":42,"column":null}},"21":{"start":{"line":45,"column":2},"end":{"line":45,"column":null}},"22":{"start":{"line":49,"column":0},"end":{"line":51,"column":null}},"23":{"start":{"line":50,"column":2},"end":{"line":50,"column":null}},"24":{"start":{"line":53,"column":0},"end":{"line":55,"column":null}},"25":{"start":{"line":54,"column":2},"end":{"line":54,"column":null}},"26":{"start":{"line":57,"column":0},"end":{"line":59,"column":null}},"27":{"start":{"line":58,"column":2},"end":{"line":58,"column":null}},"28":{"start":{"line":62,"column":0},"end":{"line":65,"column":null}},"29":{"start":{"line":63,"column":2},"end":{"line":63,"column":null}},"30":{"start":{"line":64,"column":2},"end":{"line":64,"column":null}},"31":{"start":{"line":67,"column":15},"end":{"line":67,"column":null}}},"fnMap":{"0":{"name":"dbConnect","decl":{"start":{"line":15,"column":15},"end":{"line":15,"column":null}},"loc":{"start":{"line":15,"column":15},"end":{"line":46,"column":null}}},"1":{"name":"(anonymous_3)","decl":{"start":{"line":29,"column":62},"end":{"line":29,"column":63}},"loc":{"start":{"line":29,"column":63},"end":{"line":32,"column":7}}},"2":{"name":"(anonymous_4)","decl":{"start":{"line":32,"column":13},"end":{"line":32,"column":14}},"loc":{"start":{"line":32,"column":14},"end":{"line":35,"column":null}}},"3":{"name":"(anonymous_5)","decl":{"start":{"line":49,"column":36},"end":{"line":49,"column":null}},"loc":{"start":{"line":49,"column":36},"end":{"line":51,"column":null}}},"4":{"name":"(anonymous_6)","decl":{"start":{"line":53,"column":32},"end":{"line":53,"column":33}},"loc":{"start":{"line":53,"column":33},"end":{"line":55,"column":null}}},"5":{"name":"(anonymous_7)","decl":{"start":{"line":57,"column":39},"end":{"line":57,"column":null}},"loc":{"start":{"line":57,"column":39},"end":{"line":59,"column":null}}},"6":{"name":"(anonymous_8)","decl":{"start":{"line":62,"column":21},"end":{"line":62,"column":null}},"loc":{"start":{"line":62,"column":21},"end":{"line":65,"column":null}}}},"branchMap":{"0":{"loc":{"start":{"line":5,"column":0},"end":{"line":7,"column":null}},"type":"if","locations":[{"start":{"line":5,"column":0},"end":{"line":7,"column":null}}]},"1":{"loc":{"start":{"line":11,"column":0},"end":{"line":13,"column":null}},"type":"if","locations":[{"start":{"line":11,"column":0},"end":{"line":13,"column":null}}]},"2":{"loc":{"start":{"line":16,"column":2},"end":{"line":18,"column":null}},"type":"if","locations":[{"start":{"line":16,"column":2},"end":{"line":18,"column":null}}]},"3":{"loc":{"start":{"line":20,"column":2},"end":{"line":36,"column":null}},"type":"if","locations":[{"start":{"line":20,"column":2},"end":{"line":36,"column":null}}]}},"s":{"0":0,"1":2,"2":2,"3":2,"4":0,"5":2,"6":2,"7":2,"8":0,"9":0,"10":0,"11":0,"12":0,"13":0,"14":0,"15":0,"16":0,"17":0,"18":0,"19":0,"20":0,"21":0,"22":2,"23":0,"24":2,"25":0,"26":2,"27":0,"28":2,"29":0,"30":0,"31":2},"f":{"0":0,"1":0,"2":0,"3":0,"4":0,"5":0,"6":0},"b":{"0":[0],"1":[2],"2":[0],"3":[0]}}
,"/mnt/c/Code/InnovateX-Frontend/database/models/Question.ts": {"path":"/mnt/c/Code/InnovateX-Frontend/database/models/Question.ts","statementMap":{"0":{"start":{"line":67,"column":0},"end":{"line":67,"column":15}},"1":{"start":{"line":1,"column":21},"end":{"line":1,"column":null}},"2":{"start":{"line":24,"column":27},"end":{"line":28,"column":null}},"3":{"start":{"line":30,"column":23},"end":{"line":62,"column":null}},"4":{"start":{"line":65,"column":0},"end":{"line":65,"column":null}},"5":{"start":{"line":67,"column":15},"end":{"line":67,"column":null}}},"fnMap":{},"branchMap":{"0":{"loc":{"start":{"line":67,"column":15},"end":{"line":67,"column":null}},"type":"binary-expr","locations":[{"start":{"line":67,"column":15},"end":{"line":67,"column":39}},{"start":{"line":67,"column":43},"end":{"line":67,"column":null}}]}},"s":{"0":0,"1":1,"2":1,"3":1,"4":1,"5":1},"f":{},"b":{"0":[1,1]}}
,"/mnt/c/Code/InnovateX-Frontend/database/models/Session.ts": {"path":"/mnt/c/Code/InnovateX-Frontend/database/models/Session.ts","statementMap":{"0":{"start":{"line":80,"column":0},"end":{"line":80,"column":15}},"1":{"start":{"line":1,"column":21},"end":{"line":1,"column":null}},"2":{"start":{"line":24,"column":25},"end":{"line":38,"column":null}},"3":{"start":{"line":40,"column":22},"end":{"line":74,"column":null}},"4":{"start":{"line":77,"column":0},"end":{"line":77,"column":null}},"5":{"start":{"line":78,"column":0},"end":{"line":78,"column":null}},"6":{"start":{"line":80,"column":15},"end":{"line":80,"column":null}}},"fnMap":{},"branchMap":{"0":{"loc":{"start":{"line":80,"column":15},"end":{"line":80,"column":null}},"type":"binary-expr","locations":[{"start":{"line":80,"column":15},"end":{"line":80,"column":38}},{"start":{"line":80,"column":42},"end":{"line":80,"column":null}}]}},"s":{"0":0,"1":1,"2":1,"3":1,"4":1,"5":1,"6":1},"f":{},"b":{"0":[1,1]}}
,"/mnt/c/Code/InnovateX-Frontend/database/repositories/questionRepository.ts": {"path":"/mnt/c/Code/InnovateX-Frontend/database/repositories/questionRepository.ts","statementMap":{"0":{"start":{"line":14,"column":13},"end":{"line":14,"column":31}},"1":{"start":{"line":223,"column":0},"end":{"line":223,"column":15}},"2":{"start":{"line":1,"column":22},"end":{"line":1,"column":null}},"3":{"start":{"line":2,"column":36},"end":{"line":2,"column":null}},"4":{"start":{"line":3,"column":46},"end":{"line":3,"column":null}},"5":{"start":{"line":7,"column":4},"end":{"line":7,"column":null}},"6":{"start":{"line":8,"column":4},"end":{"line":8,"column":null}},"7":{"start":{"line":16,"column":4},"end":{"line":20,"column":null}},"8":{"start":{"line":17,"column":6},"end":{"line":17,"column":null}},"9":{"start":{"line":19,"column":6},"end":{"line":19,"column":null}},"10":{"start":{"line":24,"column":4},"end":{"line":24,"column":null}},"11":{"start":{"line":28,"column":4},"end":{"line":30,"column":null}},"12":{"start":{"line":29,"column":6},"end":{"line":29,"column":null}},"13":{"start":{"line":32,"column":4},"end":{"line":42,"column":null}},"14":{"start":{"line":33,"column":6},"end":{"line":33,"column":null}},"15":{"start":{"line":34,"column":24},"end":{"line":37,"column":null}},"16":{"start":{"line":39,"column":6},"end":{"line":39,"column":null}},"17":{"start":{"line":41,"column":6},"end":{"line":41,"column":null}},"18":{"start":{"line":46,"column":4},"end":{"line":48,"column":null}},"19":{"start":{"line":47,"column":6},"end":{"line":47,"column":null}},"20":{"start":{"line":50,"column":4},"end":{"line":58,"column":null}},"21":{"start":{"line":51,"column":6},"end":{"line":51,"column":null}},"22":{"start":{"line":52,"column":23},"end":{"line":54,"column":null}},"23":{"start":{"line":55,"column":6},"end":{"line":55,"column":null}},"24":{"start":{"line":57,"column":6},"end":{"line":57,"column":null}},"25":{"start":{"line":62,"column":4},"end":{"line":64,"column":null}},"26":{"start":{"line":63,"column":6},"end":{"line":63,"column":null}},"27":{"start":{"line":66,"column":4},"end":{"line":89,"column":null}},"28":{"start":{"line":67,"column":6},"end":{"line":67,"column":null}},"29":{"start":{"line":70,"column":27},"end":{"line":74,"column":null}},"30":{"start":{"line":77,"column":20},"end":{"line":77,"column":null}},"31":{"start":{"line":79,"column":26},"end":{"line":83,"column":null}},"32":{"start":{"line":85,"column":28},"end":{"line":85,"column":null}},"33":{"start":{"line":86,"column":6},"end":{"line":86,"column":null}},"34":{"start":{"line":88,"column":6},"end":{"line":88,"column":null}},"35":{"start":{"line":93,"column":4},"end":{"line":95,"column":null}},"36":{"start":{"line":94,"column":6},"end":{"line":94,"column":null}},"37":{"start":{"line":97,"column":4},"end":{"line":117,"column":null}},"38":{"start":{"line":98,"column":6},"end":{"line":98,"column":null}},"39":{"start":{"line":99,"column":30},"end":{"line":108,"column":null}},"40":{"start":{"line":110,"column":6},"end":{"line":112,"column":null}},"41":{"start":{"line":111,"column":8},"end":{"line":111,"column":null}},"42":{"start":{"line":114,"column":6},"end":{"line":114,"column":null}},"43":{"start":{"line":116,"column":6},"end":{"line":116,"column":null}},"44":{"start":{"line":121,"column":4},"end":{"line":123,"column":null}},"45":{"start":{"line":122,"column":6},"end":{"line":122,"column":null}},"46":{"start":{"line":125,"column":4},"end":{"line":133,"column":null}},"47":{"start":{"line":126,"column":6},"end":{"line":126,"column":null}},"48":{"start":{"line":127,"column":21},"end":{"line":129,"column":null}},"49":{"start":{"line":130,"column":6},"end":{"line":130,"column":null}},"50":{"start":{"line":132,"column":6},"end":{"line":132,"column":null}},"51":{"start":{"line":137,"column":4},"end":{"line":142,"column":null}},"52":{"start":{"line":138,"column":6},"end":{"line":138,"column":null}},"53":{"start":{"line":139,"column":6},"end":{"line":139,"column":null}},"54":{"start":{"line":141,"column":6},"end":{"line":141,"column":null}},"55":{"start":{"line":146,"column":4},"end":{"line":148,"column":null}},"56":{"start":{"line":147,"column":6},"end":{"line":147,"column":null}},"57":{"start":{"line":150,"column":4},"end":{"line":152,"column":null}},"58":{"start":{"line":151,"column":6},"end":{"line":151,"column":null}},"59":{"start":{"line":154,"column":4},"end":{"line":168,"column":null}},"60":{"start":{"line":155,"column":6},"end":{"line":155,"column":null}},"61":{"start":{"line":156,"column":23},"end":{"line":163,"column":null}},"62":{"start":{"line":165,"column":6},"end":{"line":165,"column":null}},"63":{"start":{"line":167,"column":6},"end":{"line":167,"column":null}},"64":{"start":{"line":172,"column":4},"end":{"line":174,"column":null}},"65":{"start":{"line":173,"column":6},"end":{"line":173,"column":null}},"66":{"start":{"line":177,"column":4},"end":{"line":181,"column":null}},"67":{"start":{"line":178,"column":6},"end":{"line":180,"column":null}},"68":{"start":{"line":179,"column":8},"end":{"line":179,"column":null}},"69":{"start":{"line":183,"column":4},"end":{"line":219,"column":null}},"70":{"start":{"line":184,"column":6},"end":{"line":184,"column":null}},"71":{"start":{"line":187,"column":25},"end":{"line":187,"column":null}},"72":{"start":{"line":187,"column":56},"end":{"line":187,"column":66}},"73":{"start":{"line":188,"column":23},"end":{"line":188,"column":null}},"74":{"start":{"line":190,"column":6},"end":{"line":197,"column":null}},"75":{"start":{"line":191,"column":29},"end":{"line":195,"column":null}},"76":{"start":{"line":196,"column":8},"end":{"line":196,"column":null}},"77":{"start":{"line":200,"column":32},"end":{"line":208,"column":null}},"78":{"start":{"line":201,"column":29},"end":{"line":201,"column":null}},"79":{"start":{"line":202,"column":8},"end":{"line":202,"column":null}},"80":{"start":{"line":203,"column":8},"end":{"line":207,"column":null}},"81":{"start":{"line":211,"column":31},"end":{"line":213,"column":null}},"82":{"start":{"line":216,"column":6},"end":{"line":216,"column":null}},"83":{"start":{"line":218,"column":6},"end":{"line":218,"column":null}},"84":{"start":{"line":223,"column":15},"end":{"line":223,"column":34}}},"fnMap":{"0":{"name":"(anonymous_4)","decl":{"start":{"line":6,"column":2},"end":{"line":6,"column":14}},"loc":{"start":{"line":6,"column":31},"end":{"line":9,"column":null}}},"1":{"name":"(anonymous_5)","decl":{"start":{"line":15,"column":2},"end":{"line":15,"column":23}},"loc":{"start":{"line":15,"column":42},"end":{"line":21,"column":null}}},"2":{"name":"(anonymous_6)","decl":{"start":{"line":23,"column":2},"end":{"line":23,"column":17}},"loc":{"start":{"line":23,"column":49},"end":{"line":25,"column":null}}},"3":{"name":"(anonymous_7)","decl":{"start":{"line":27,"column":2},"end":{"line":27,"column":15}},"loc":{"start":{"line":27,"column":78},"end":{"line":43,"column":null}}},"4":{"name":"(anonymous_8)","decl":{"start":{"line":45,"column":2},"end":{"line":45,"column":15}},"loc":{"start":{"line":45,"column":70},"end":{"line":59,"column":null}}},"5":{"name":"(anonymous_9)","decl":{"start":{"line":61,"column":2},"end":{"line":61,"column":15}},"loc":{"start":{"line":61,"column":108},"end":{"line":90,"column":null}}},"6":{"name":"(anonymous_10)","decl":{"start":{"line":92,"column":2},"end":{"line":92,"column":15}},"loc":{"start":{"line":92,"column":103},"end":{"line":118,"column":null}}},"7":{"name":"(anonymous_11)","decl":{"start":{"line":120,"column":2},"end":{"line":120,"column":15}},"loc":{"start":{"line":120,"column":60},"end":{"line":134,"column":null}}},"8":{"name":"(anonymous_12)","decl":{"start":{"line":136,"column":2},"end":{"line":136,"column":15}},"loc":{"start":{"line":136,"column":50},"end":{"line":143,"column":null}}},"9":{"name":"(anonymous_13)","decl":{"start":{"line":145,"column":2},"end":{"line":145,"column":15}},"loc":{"start":{"line":145,"column":98},"end":{"line":169,"column":null}}},"10":{"name":"(anonymous_14)","decl":{"start":{"line":171,"column":2},"end":{"line":171,"column":15}},"loc":{"start":{"line":171,"column":119},"end":{"line":220,"column":null}}},"11":{"name":"(anonymous_15)","decl":{"start":{"line":177,"column":22},"end":{"line":177,"column":23}},"loc":{"start":{"line":177,"column":33},"end":{"line":181,"column":null}}},"12":{"name":"(anonymous_16)","decl":{"start":{"line":187,"column":51},"end":{"line":187,"column":56}},"loc":{"start":{"line":187,"column":56},"end":{"line":187,"column":66}}},"13":{"name":"(anonymous_17)","decl":{"start":{"line":200,"column":46},"end":{"line":200,"column":null}},"loc":{"start":{"line":200,"column":46},"end":{"line":208,"column":null}}}},"branchMap":{"0":{"loc":{"start":{"line":28,"column":4},"end":{"line":30,"column":null}},"type":"if","locations":[{"start":{"line":28,"column":4},"end":{"line":30,"column":null}}]},"1":{"loc":{"start":{"line":46,"column":4},"end":{"line":48,"column":null}},"type":"if","locations":[{"start":{"line":46,"column":4},"end":{"line":48,"column":null}}]},"2":{"loc":{"start":{"line":62,"column":4},"end":{"line":64,"column":null}},"type":"if","locations":[{"start":{"line":62,"column":4},"end":{"line":64,"column":null}}]},"3":{"loc":{"start":{"line":62,"column":8},"end":{"line":62,"column":101}},"type":"binary-expr","locations":[{"start":{"line":62,"column":8},"end":{"line":62,"column":30}},{"start":{"line":62,"column":34},"end":{"line":62,"column":60}},{"start":{"line":62,"column":64},"end":{"line":62,"column":101}}]},"4":{"loc":{"start":{"line":77,"column":20},"end":{"line":77,"column":null}},"type":"cond-expr","locations":[{"start":{"line":77,"column":36},"end":{"line":77,"column":62}},{"start":{"line":77,"column":62},"end":{"line":77,"column":null}}]},"5":{"loc":{"start":{"line":82,"column":18},"end":{"line":82,"column":null}},"type":"binary-expr","locations":[{"start":{"line":82,"column":18},"end":{"line":82,"column":39}},{"start":{"line":82,"column":43},"end":{"line":82,"column":null}}]},"6":{"loc":{"start":{"line":93,"column":4},"end":{"line":95,"column":null}},"type":"if","locations":[{"start":{"line":93,"column":4},"end":{"line":95,"column":null}}]},"7":{"loc":{"start":{"line":110,"column":6},"end":{"line":112,"column":null}},"type":"if","locations":[{"start":{"line":110,"column":6},"end":{"line":112,"column":null}}]},"8":{"loc":{"start":{"line":121,"column":4},"end":{"line":123,"column":null}},"type":"if","locations":[{"start":{"line":121,"column":4},"end":{"line":123,"column":null}}]},"9":{"loc":{"start":{"line":146,"column":4},"end":{"line":148,"column":null}},"type":"if","locations":[{"start":{"line":146,"column":4},"end":{"line":148,"column":null}}]},"10":{"loc":{"start":{"line":150,"column":4},"end":{"line":152,"column":null}},"type":"if","locations":[{"start":{"line":150,"column":4},"end":{"line":152,"column":null}}]},"11":{"loc":{"start":{"line":172,"column":4},"end":{"line":174,"column":null}},"type":"if","locations":[{"start":{"line":172,"column":4},"end":{"line":174,"column":null}}]},"12":{"loc":{"start":{"line":172,"column":8},"end":{"line":172,"column":61}},"type":"binary-expr","locations":[{"start":{"line":172,"column":8},"end":{"line":172,"column":37}},{"start":{"line":172,"column":37},"end":{"line":172,"column":61}}]},"13":{"loc":{"start":{"line":178,"column":6},"end":{"line":180,"column":null}},"type":"if","locations":[{"start":{"line":178,"column":6},"end":{"line":180,"column":null}}]},"14":{"loc":{"start":{"line":178,"column":10},"end":{"line":178,"column":91}},"type":"binary-expr","locations":[{"start":{"line":178,"column":10},"end":{"line":178,"column":28}},{"start":{"line":178,"column":32},"end":{"line":178,"column":54}},{"start":{"line":178,"column":58},"end":{"line":178,"column":91}}]},"15":{"loc":{"start":{"line":196,"column":31},"end":{"line":196,"column":null}},"type":"cond-expr","locations":[{"start":{"line":196,"column":46},"end":{"line":196,"column":64}},{"start":{"line":196,"column":67},"end":{"line":196,"column":null}}]},"16":{"loc":{"start":{"line":201,"column":29},"end":{"line":201,"column":null}},"type":"binary-expr","locations":[{"start":{"line":201,"column":29},"end":{"line":201,"column":64}},{"start":{"line":201,"column":64},"end":{"line":201,"column":null}}]},"17":{"loc":{"start":{"line":206,"column":20},"end":{"line":206,"column":null}},"type":"binary-expr","locations":[{"start":{"line":206,"column":20},"end":{"line":206,"column":37}},{"start":{"line":206,"column":41},"end":{"line":206,"column":null}}]}},"s":{"0":1,"1":1,"2":1,"3":1,"4":1,"5":0,"6":0,"7":0,"8":0,"9":0,"10":0,"11":0,"12":0,"13":0,"14":0,"15":0,"16":0,"17":0,"18":0,"19":0,"20":0,"21":0,"22":0,"23":0,"24":0,"25":0,"26":0,"27":0,"28":0,"29":0,"30":0,"31":0,"32":0,"33":0,"34":0,"35":0,"36":0,"37":0,"38":0,"39":0,"40":0,"41":0,"42":0,"43":0,"44":0,"45":0,"46":0,"47":0,"48":0,"49":0,"50":0,"51":0,"52":0,"53":0,"54":0,"55":0,"56":0,"57":0,"58":0,"59":0,"60":0,"61":0,"62":0,"63":0,"64":0,"65":0,"66":0,"67":0,"68":0,"69":0,"70":0,"71":0,"72":0,"73":0,"74":0,"75":0,"76":0,"77":0,"78":0,"79":0,"80":0,"81":0,"82":0,"83":0,"84":1},"f":{"0":0,"1":0,"2":0,"3":0,"4":0,"5":0,"6":0,"7":0,"8":0,"9":0,"10":0,"11":0,"12":0,"13":0},"b":{"0":[0],"1":[0],"2":[0],"3":[0,0,0],"4":[0,0],"5":[0,0],"6":[0],"7":[0],"8":[0],"9":[0],"10":[0],"11":[0],"12":[0,0],"13":[0],"14":[0,0,0],"15":[0,0],"16":[0,0],"17":[0,0]}}
,"/mnt/c/Code/InnovateX-Frontend/database/repositories/sessionRepository.ts": {"path":"/mnt/c/Code/InnovateX-Frontend/database/repositories/sessionRepository.ts","statementMap":{"0":{"start":{"line":4,"column":13},"end":{"line":4,"column":30}},"1":{"start":{"line":88,"column":0},"end":{"line":88,"column":15}},"2":{"start":{"line":1,"column":22},"end":{"line":1,"column":null}},"3":{"start":{"line":2,"column":34},"end":{"line":2,"column":null}},"4":{"start":{"line":6,"column":4},"end":{"line":6,"column":null}},"5":{"start":{"line":10,"column":4},"end":{"line":10,"column":null}},"6":{"start":{"line":11,"column":4},"end":{"line":11,"column":null}},"7":{"start":{"line":15,"column":4},"end":{"line":15,"column":null}},"8":{"start":{"line":16,"column":4},"end":{"line":16,"column":null}},"9":{"start":{"line":20,"column":4},"end":{"line":20,"column":null}},"10":{"start":{"line":21,"column":4},"end":{"line":27,"column":null}},"11":{"start":{"line":36,"column":4},"end":{"line":36,"column":null}},"12":{"start":{"line":37,"column":4},"end":{"line":49,"column":null}},"13":{"start":{"line":58,"column":4},"end":{"line":58,"column":null}},"14":{"start":{"line":59,"column":4},"end":{"line":67,"column":null}},"15":{"start":{"line":72,"column":4},"end":{"line":72,"column":null}},"16":{"start":{"line":73,"column":4},"end":{"line":73,"column":null}},"17":{"start":{"line":77,"column":4},"end":{"line":77,"column":null}},"18":{"start":{"line":78,"column":26},"end":{"line":78,"column":null}},"19":{"start":{"line":79,"column":4},"end":{"line":79,"column":null}},"20":{"start":{"line":81,"column":4},"end":{"line":84,"column":null}},"21":{"start":{"line":88,"column":15},"end":{"line":88,"column":33}}},"fnMap":{"0":{"name":"(anonymous_4)","decl":{"start":{"line":5,"column":2},"end":{"line":5,"column":15}},"loc":{"start":{"line":5,"column":28},"end":{"line":7,"column":null}}},"1":{"name":"(anonymous_5)","decl":{"start":{"line":9,"column":2},"end":{"line":9,"column":15}},"loc":{"start":{"line":9,"column":80},"end":{"line":12,"column":null}}},"2":{"name":"(anonymous_6)","decl":{"start":{"line":14,"column":2},"end":{"line":14,"column":15}},"loc":{"start":{"line":14,"column":71},"end":{"line":17,"column":null}}},"3":{"name":"(anonymous_7)","decl":{"start":{"line":19,"column":2},"end":{"line":19,"column":15}},"loc":{"start":{"line":19,"column":106},"end":{"line":29,"column":null}}},"4":{"name":"(anonymous_8)","decl":{"start":{"line":31,"column":2},"end":{"line":31,"column":15}},"loc":{"start":{"line":35,"column":30},"end":{"line":51,"column":null}}},"5":{"name":"(anonymous_9)","decl":{"start":{"line":53,"column":2},"end":{"line":53,"column":15}},"loc":{"start":{"line":57,"column":30},"end":{"line":69,"column":null}}},"6":{"name":"(anonymous_10)","decl":{"start":{"line":71,"column":2},"end":{"line":71,"column":15}},"loc":{"start":{"line":71,"column":68},"end":{"line":74,"column":null}}},"7":{"name":"(anonymous_11)","decl":{"start":{"line":76,"column":2},"end":{"line":76,"column":15}},"loc":{"start":{"line":76,"column":60},"end":{"line":85,"column":null}}}},"branchMap":{},"s":{"0":1,"1":1,"2":1,"3":1,"4":0,"5":0,"6":0,"7":0,"8":0,"9":0,"10":0,"11":0,"12":0,"13":0,"14":0,"15":0,"16":0,"17":0,"18":0,"19":0,"20":0,"21":1},"f":{"0":0,"1":0,"2":0,"3":0,"4":0,"5":0,"6":0,"7":0},"b":{}}
,"/mnt/c/Code/InnovateX-Frontend/lib/utils.ts": {"path":"/mnt/c/Code/InnovateX-Frontend/lib/utils.ts","statementMap":{"0":{"start":{"line":4,"column":16},"end":{"line":4,"column":19}},"1":{"start":{"line":1,"column":38},"end":{"line":1,"column":null}},"2":{"start":{"line":2,"column":24},"end":{"line":2,"column":null}},"3":{"start":{"line":5,"column":2},"end":{"line":5,"column":null}}},"fnMap":{"0":{"name":"cn","decl":{"start":{"line":4,"column":16},"end":{"line":4,"column":19}},"loc":{"start":{"line":4,"column":42},"end":{"line":6,"column":null}}}},"branchMap":{},"s":{"0":0,"1":0,"2":0,"3":0},"f":{"0":0},"b":{}}
,"/mnt/c/Code/InnovateX-Frontend/pages/_app.tsx": {"path":"/mnt/c/Code/InnovateX-Frontend/pages/_app.tsx","statementMap":{"0":{"start":{"line":13,"column":0},"end":{"line":13,"column":15}},"1":{"start":{"line":2,"column":19},"end":{"line":2,"column":null}},"2":{"start":{"line":3,"column":7},"end":{"line":3,"column":null}},"3":{"start":{"line":13,"column":15},"end":{"line":13,"column":null}}},"fnMap":{"0":{"name":"MyApp","decl":{"start":{"line":5,"column":9},"end":{"line":5,"column":15}},"loc":{"start":{"line":5,"column":49},"end":{"line":11,"column":null}}}},"branchMap":{},"s":{"0":0,"1":0,"2":0,"3":0},"f":{"0":0},"b":{}}
,"/mnt/c/Code/InnovateX-Frontend/pages/digital-fit-check.tsx": {"path":"/mnt/c/Code/InnovateX-Frontend/pages/digital-fit-check.tsx","statementMap":{"0":{"start":{"line":6,"column":24},"end":{"line":6,"column":null}},"1":{"start":{"line":1,"column":32},"end":{"line":1,"column":null}},"2":{"start":{"line":2,"column":18},"end":{"line":2,"column":null}},"3":{"start":{"line":7,"column":34},"end":{"line":7,"column":null}},"4":{"start":{"line":8,"column":42},"end":{"line":8,"column":null}},"5":{"start":{"line":10,"column":24},"end":{"line":42,"column":null}},"6":{"start":{"line":11,"column":4},"end":{"line":41,"column":null}},"7":{"start":{"line":12,"column":23},"end":{"line":20,"column":null}},"8":{"start":{"line":22,"column":19},"end":{"line":22,"column":null}},"9":{"start":{"line":23,"column":6},"end":{"line":37,"column":null}},"10":{"start":{"line":38,"column":6},"end":{"line":38,"column":null}},"11":{"start":{"line":40,"column":6},"end":{"line":40,"column":null}},"12":{"start":{"line":55,"column":8},"end":{"line":55,"column":25}},"13":{"start":{"line":66,"column":20},"end":{"line":66,"column":null}}},"fnMap":{"0":{"name":"DigitalFitCheck","decl":{"start":{"line":6,"column":24},"end":{"line":6,"column":null}},"loc":{"start":{"line":6,"column":24},"end":{"line":75,"column":null}}},"1":{"name":"(anonymous_6)","decl":{"start":{"line":10,"column":24},"end":{"line":10,"column":null}},"loc":{"start":{"line":10,"column":24},"end":{"line":42,"column":null}}},"2":{"name":"(anonymous_7)","decl":{"start":{"line":54,"column":20},"end":{"line":54,"column":21}},"loc":{"start":{"line":55,"column":8},"end":{"line":55,"column":25}}},"3":{"name":"(anonymous_8)","decl":{"start":{"line":65,"column":38},"end":{"line":65,"column":39}},"loc":{"start":{"line":66,"column":20},"end":{"line":66,"column":null}}}},"branchMap":{"0":{"loc":{"start":{"line":64,"column":15},"end":{"line":68,"column":33}},"type":"cond-expr","locations":[{"start":{"line":65,"column":18},"end":{"line":66,"column":null}},{"start":{"line":68,"column":18},"end":{"line":68,"column":33}}]},"1":{"loc":{"start":{"line":66,"column":20},"end":{"line":66,"column":null}},"type":"cond-expr","locations":[{"start":{"line":66,"column":43},"end":{"line":66,"column":72}},{"start":{"line":66,"column":108},"end":{"line":66,"column":null}}]}},"s":{"0":0,"1":0,"2":0,"3":0,"4":0,"5":0,"6":0,"7":0,"8":0,"9":0,"10":0,"11":0,"12":0,"13":0},"f":{"0":0,"1":0,"2":0,"3":0},"b":{"0":[0,0],"1":[0,0]}}
,"/mnt/c/Code/InnovateX-Frontend/pages/index.tsx": {"path":"/mnt/c/Code/InnovateX-Frontend/pages/index.tsx","statementMap":{"0":{"start":{"line":15,"column":24},"end":{"line":15,"column":null}},"1":{"start":{"line":1,"column":23},"end":{"line":1,"column":null}},"2":{"start":{"line":2,"column":23},"end":{"line":2,"column":null}},"3":{"start":{"line":10,"column":7},"end":{"line":10,"column":null}},"4":{"start":{"line":11,"column":52},"end":{"line":11,"column":null}},"5":{"start":{"line":13,"column":32},"end":{"line":13,"column":null}},"6":{"start":{"line":16,"column":42},"end":{"line":23,"column":null}},"7":{"start":{"line":24,"column":32},"end":{"line":24,"column":null}},"8":{"start":{"line":26,"column":31},"end":{"line":44,"column":null}},"9":{"start":{"line":27,"column":4},"end":{"line":43,"column":null}},"10":{"start":{"line":28,"column":23},"end":{"line":36,"column":null}},"11":{"start":{"line":38,"column":19},"end":{"line":38,"column":null}},"12":{"start":{"line":39,"column":6},"end":{"line":39,"column":null}},"13":{"start":{"line":40,"column":6},"end":{"line":40,"column":null}},"14":{"start":{"line":42,"column":6},"end":{"line":42,"column":null}},"15":{"start":{"line":95,"column":12},"end":{"line":96,"column":null}},"16":{"start":{"line":146,"column":18},"end":{"line":168,"column":null}}},"fnMap":{"0":{"name":"Home","decl":{"start":{"line":15,"column":24},"end":{"line":15,"column":null}},"loc":{"start":{"line":15,"column":24},"end":{"line":144,"column":null}}},"1":{"name":"(anonymous_5)","decl":{"start":{"line":26,"column":31},"end":{"line":26,"column":null}},"loc":{"start":{"line":26,"column":31},"end":{"line":44,"column":null}}},"2":{"name":"(anonymous_6)","decl":{"start":{"line":94,"column":25},"end":{"line":94,"column":26}},"loc":{"start":{"line":95,"column":12},"end":{"line":96,"column":null}}}},"branchMap":{"0":{"loc":{"start":{"line":137,"column":7},"end":{"line":137,"column":null}},"type":"binary-expr","locations":[{"start":{"line":137,"column":7},"end":{"line":137,"column":null}}]}},"s":{"0":0,"1":0,"2":0,"3":0,"4":0,"5":0,"6":0,"7":0,"8":0,"9":0,"10":0,"11":0,"12":0,"13":0,"14":0,"15":0,"16":0},"f":{"0":0,"1":0,"2":0},"b":{"0":[0]}}
,"/mnt/c/Code/InnovateX-Frontend/pages/api/digital-fit-check.ts": {"path":"/mnt/c/Code/InnovateX-Frontend/pages/api/digital-fit-check.ts","statementMap":{"0":{"start":{"line":274,"column":30},"end":{"line":274,"column":null}},"1":{"start":{"line":1,"column":19},"end":{"line":1,"column":null}},"2":{"start":{"line":21,"column":19},"end":{"line":27,"column":null}},"3":{"start":{"line":29,"column":92},"end":{"line":212,"column":null}},"4":{"start":{"line":214,"column":23},"end":{"line":238,"column":null}},"5":{"start":{"line":240,"column":15},"end":{"line":242,"column":null}},"6":{"start":{"line":245,"column":2},"end":{"line":271,"column":null}},"7":{"start":{"line":247,"column":29},"end":{"line":249,"column":null}},"8":{"start":{"line":248,"column":6},"end":{"line":248,"column":86}},"9":{"start":{"line":251,"column":21},"end":{"line":265,"column":null}},"10":{"start":{"line":267,"column":4},"end":{"line":267,"column":null}},"11":{"start":{"line":269,"column":4},"end":{"line":269,"column":null}},"12":{"start":{"line":270,"column":4},"end":{"line":270,"column":null}},"13":{"start":{"line":278,"column":2},"end":{"line":280,"column":null}},"14":{"start":{"line":279,"column":4},"end":{"line":279,"column":null}},"15":{"start":{"line":282,"column":2},"end":{"line":450,"column":null}},"16":{"start":{"line":283,"column":65},"end":{"line":283,"column":73}},"17":{"start":{"line":286,"column":4},"end":{"line":291,"column":null}},"18":{"start":{"line":287,"column":6},"end":{"line":287,"column":null}},"19":{"start":{"line":288,"column":6},"end":{"line":290,"column":null}},"20":{"start":{"line":293,"column":4},"end":{"line":310,"column":null}},"21":{"start":{"line":294,"column":28},"end":{"line":294,"column":41}},"22":{"start":{"line":295,"column":28},"end":{"line":295,"column":70}},"23":{"start":{"line":297,"column":34},"end":{"line":304,"column":null}},"24":{"start":{"line":306,"column":6},"end":{"line":309,"column":null}},"25":{"start":{"line":312,"column":4},"end":{"line":438,"column":null}},"26":{"start":{"line":314,"column":6},"end":{"line":319,"column":null}},"27":{"start":{"line":315,"column":8},"end":{"line":315,"column":null}},"28":{"start":{"line":316,"column":8},"end":{"line":318,"column":null}},"29":{"start":{"line":321,"column":34},"end":{"line":321,"column":null}},"30":{"start":{"line":322,"column":6},"end":{"line":326,"column":null}},"31":{"start":{"line":323,"column":8},"end":{"line":325,"column":null}},"32":{"start":{"line":328,"column":60},"end":{"line":328,"column":null}},"33":{"start":{"line":331,"column":6},"end":{"line":336,"column":null}},"34":{"start":{"line":332,"column":8},"end":{"line":332,"column":null}},"35":{"start":{"line":333,"column":8},"end":{"line":335,"column":null}},"36":{"start":{"line":338,"column":27},"end":{"line":338,"column":54}},"37":{"start":{"line":341,"column":6},"end":{"line":346,"column":null}},"38":{"start":{"line":342,"column":8},"end":{"line":342,"column":null}},"39":{"start":{"line":343,"column":8},"end":{"line":345,"column":null}},"40":{"start":{"line":348,"column":32},"end":{"line":348,"column":70}},"41":{"start":{"line":351,"column":26},"end":{"line":351,"column":null}},"42":{"start":{"line":352,"column":6},"end":{"line":356,"column":null}},"43":{"start":{"line":353,"column":8},"end":{"line":355,"column":null}},"44":{"start":{"line":358,"column":6},"end":{"line":437,"column":null}},"45":{"start":{"line":360,"column":36},"end":{"line":360,"column":79}},"46":{"start":{"line":361,"column":34},"end":{"line":366,"column":null}},"47":{"start":{"line":367,"column":31},"end":{"line":367,"column":null}},"48":{"start":{"line":368,"column":34},"end":{"line":368,"column":null}},"49":{"start":{"line":371,"column":34},"end":{"line":371,"column":null}},"50":{"start":{"line":372,"column":8},"end":{"line":385,"column":null}},"51":{"start":{"line":373,"column":31},"end":{"line":373,"column":76}},"52":{"start":{"line":374,"column":48},"end":{"line":379,"column":null}},"53":{"start":{"line":381,"column":10},"end":{"line":384,"column":null}},"54":{"start":{"line":388,"column":34},"end":{"line":388,"column":null}},"55":{"start":{"line":389,"column":8},"end":{"line":404,"column":null}},"56":{"start":{"line":390,"column":31},"end":{"line":390,"column":60}},"57":{"start":{"line":391,"column":44},"end":{"line":391,"column":94}},"58":{"start":{"line":392,"column":48},"end":{"line":398,"column":null}},"59":{"start":{"line":400,"column":10},"end":{"line":403,"column":null}},"60":{"start":{"line":408,"column":8},"end":{"line":413,"column":null}},"61":{"start":{"line":409,"column":10},"end":{"line":409,"column":null}},"62":{"start":{"line":411,"column":10},"end":{"line":411,"column":null}},"63":{"start":{"line":412,"column":10},"end":{"line":412,"column":null}},"64":{"start":{"line":415,"column":46},"end":{"line":425,"column":null}},"65":{"start":{"line":420,"column":48},"end":{"line":424,"column":null}},"66":{"start":{"line":427,"column":8},"end":{"line":430,"column":null}},"67":{"start":{"line":433,"column":8},"end":{"line":433,"column":null}},"68":{"start":{"line":434,"column":8},"end":{"line":436,"column":null}},"69":{"start":{"line":440,"column":4},"end":{"line":442,"column":null}},"70":{"start":{"line":445,"column":4},"end":{"line":445,"column":null}},"71":{"start":{"line":446,"column":4},"end":{"line":449,"column":null}}},"fnMap":{"0":{"name":"generateFinalAnalysis","decl":{"start":{"line":244,"column":15},"end":{"line":244,"column":37}},"loc":{"start":{"line":244,"column":68},"end":{"line":272,"column":null}}},"1":{"name":"(anonymous_3)","decl":{"start":{"line":247,"column":41},"end":{"line":247,"column":null}},"loc":{"start":{"line":248,"column":6},"end":{"line":248,"column":86}}},"2":{"name":"handler","decl":{"start":{"line":274,"column":30},"end":{"line":274,"column":null}},"loc":{"start":{"line":276,"column":22},"end":{"line":451,"column":null}}},"3":{"name":"(anonymous_5)","decl":{"start":{"line":420,"column":37},"end":{"line":420,"column":48}},"loc":{"start":{"line":420,"column":48},"end":{"line":424,"column":null}}}},"branchMap":{"0":{"loc":{"start":{"line":267,"column":11},"end":{"line":267,"column":null}},"type":"binary-expr","locations":[{"start":{"line":267,"column":11},"end":{"line":267,"column":46}},{"start":{"line":267,"column":50},"end":{"line":267,"column":null}}]},"1":{"loc":{"start":{"line":278,"column":2},"end":{"line":280,"column":null}},"type":"if","locations":[{"start":{"line":278,"column":2},"end":{"line":280,"column":null}}]},"2":{"loc":{"start":{"line":283,"column":18},"end":{"line":283,"column":38}},"type":"default-arg","locations":[{"start":{"line":283,"column":25},"end":{"line":283,"column":38}}]},"3":{"loc":{"start":{"line":286,"column":4},"end":{"line":291,"column":null}},"type":"if","locations":[{"start":{"line":286,"column":4},"end":{"line":291,"column":null}}]},"4":{"loc":{"start":{"line":293,"column":4},"end":{"line":310,"column":null}},"type":"if","locations":[{"start":{"line":293,"column":4},"end":{"line":310,"column":null}}]},"5":{"loc":{"start":{"line":312,"column":4},"end":{"line":438,"column":null}},"type":"if","locations":[{"start":{"line":312,"column":4},"end":{"line":438,"column":null}}]},"6":{"loc":{"start":{"line":314,"column":6},"end":{"line":319,"column":null}},"type":"if","locations":[{"start":{"line":314,"colu
[...]
,"/mnt/c/Code/InnovateX-Frontend/pages/api/questions/[id].ts": {"path":"/mnt/c/Code/InnovateX-Frontend/pages/api/questions/[id].ts","statementMap":{"0":{"start":{"line":4,"column":30},"end":{"line":4,"column":38}},"1":{"start":{"line":2,"column":31},"end":{"line":2,"column":null}},"2":{"start":{"line":5,"column":21},"end":{"line":5,"column":null}},"3":{"start":{"line":6,"column":17},"end":{"line":6,"column":26}},"4":{"start":{"line":8,"column":2},"end":{"line":10,"column":null}},"5":{"start":{"line":9,"column":4},"end":{"line":9,"column":null}},"6":{"start":{"line":12,"column":2},"end":{"line":48,"column":null}},"7":{"start":{"line":13,"column":4},"end":{"line":44,"column":null}},"8":{"start":{"line":16,"column":25},"end":{"line":16,"column":null}},"9":{"start":{"line":17,"column":8},"end":{"line":19,"column":null}},"10":{"start":{"line":18,"column":10},"end":{"line":18,"column":null}},"11":{"start":{"line":20,"column":8},"end":{"line":20,"column":null}},"12":{"start":{"line":24,"column":8},"end":{"line":26,"column":null}},"13":{"start":{"line":25,"column":10},"end":{"line":25,"column":null}},"14":{"start":{"line":27,"column":32},"end":{"line":27,"column":null}},"15":{"start":{"line":28,"column":8},"end":{"line":30,"column":null}},"16":{"start":{"line":29,"column":10},"end":{"line":29,"column":null}},"17":{"start":{"line":31,"column":8},"end":{"line":31,"column":null}},"18":{"start":{"line":35,"column":24},"end":{"line":35,"column":null}},"19":{"start":{"line":36,"column":8},"end":{"line":38,"column":null}},"20":{"start":{"line":37,"column":10},"end":{"line":37,"column":null}},"21":{"start":{"line":39,"column":8},"end":{"line":39,"column":null}},"22":{"start":{"line":42,"column":8},"end":{"line":42,"column":null}},"23":{"start":{"line":43,"column":8},"end":{"line":43,"column":null}},"24":{"start":{"line":46,"column":4},"end":{"line":46,"column":null}},"25":{"start":{"line":47,"column":4},"end":{"line":47,"column":null}}},"fnMap":{"0":{"name":"handler","decl":{"start":{"line":4,"column":30},"end":{"line":4,"column":38}},"loc":{"start":{"line":4,"column":79},"end":{"line":49,"column":null}}}},"branchMap":{"0":{"loc":{"start":{"line":8,"column":2},"end":{"line":10,"column":null}},"type":"if","locations":[{"start":{"line":8,"column":2},"end":{"line":10,"column":null}}]},"1":{"loc":{"start":{"line":13,"column":4},"end":{"line":44,"column":null}},"type":"switch","locations":[{"start":{"line":14,"column":6},"end":{"line":20,"column":null}},{"start":{"line":22,"column":6},"end":{"line":31,"column":null}},{"start":{"line":33,"column":6},"end":{"line":39,"column":null}},{"start":{"line":41,"column":6},"end":{"line":43,"column":null}}]},"2":{"loc":{"start":{"line":17,"column":8},"end":{"line":19,"column":null}},"type":"if","locations":[{"start":{"line":17,"column":8},"end":{"line":19,"column":null}}]},"3":{"loc":{"start":{"line":24,"column":8},"end":{"line":26,"column":null}},"type":"if","locations":[{"start":{"line":24,"column":8},"end":{"line":26,"column":null}}]},"4":{"loc":{"start":{"line":28,"column":8},"end":{"line":30,"column":null}},"type":"if","locations":[{"start":{"line":28,"column":8},"end":{"line":30,"column":null}}]},"5":{"loc":{"start":{"line":36,"column":8},"end":{"line":38,"column":null}},"type":"if","locations":[{"start":{"line":36,"column":8},"end":{"line":38,"column":null}}]}},"s":{"0":0,"1":0,"2":0,"3":0,"4":0,"5":0,"6":0,"7":0,"8":0,"9":0,"10":0,"11":0,"12":0,"13":0,"14":0,"15":0,"16":0,"17":0,"18":0,"19":0,"20":0,"21":0,"22":0,"23":0,"24":0,"25":0},"f":{"0":0},"b":{"0":[0],"1":[0,0,0,0],"2":[0],"3":[0],"4":[0],"5":[0]}}
,"/mnt/c/Code/InnovateX-Frontend/pages/api/questions/index.ts": {"path":"/mnt/c/Code/InnovateX-Frontend/pages/api/questions/index.ts","statementMap":{"0":{"start":{"line":4,"column":30},"end":{"line":4,"column":38}},"1":{"start":{"line":2,"column":31},"end":{"line":2,"column":null}},"2":{"start":{"line":5,"column":21},"end":{"line":5,"column":null}},"3":{"start":{"line":7,"column":2},"end":{"line":41,"column":null}},"4":{"start":{"line":8,"column":4},"end":{"line":37,"column":null}},"5":{"start":{"line":11,"column":29},"end":{"line":11,"column":38}},"6":{"start":{"line":12,"column":8},"end":{"line":14,"column":null}},"7":{"start":{"line":13,"column":10},"end":{"line":13,"column":null}},"8":{"start":{"line":15,"column":26},"end":{"line":15,"column":null}},"9":{"start":{"line":16,"column":8},"end":{"line":16,"column":null}},"10":{"start":{"line":20,"column":8},"end":{"line":22,"column":null}},"11":{"start":{"line":21,"column":10},"end":{"line":21,"column":null}},"12":{"start":{"line":23,"column":28},"end":{"line":23,"column":null}},"13":{"start":{"line":24,"column":8},"end":{"line":24,"column":null}},"14":{"start":{"line":28,"column":8},"end":{"line":30,"column":null}},"15":{"start":{"line":29,"column":10},"end":{"line":29,"column":null}},"16":{"start":{"line":31,"column":33},"end":{"line":31,"column":null}},"17":{"start":{"line":32,"column":8},"end":{"line":32,"column":null}},"18":{"start":{"line":35,"column":8},"end":{"line":35,"column":null}},"19":{"start":{"line":36,"column":8},"end":{"line":36,"column":null}},"20":{"start":{"line":39,"column":4},"end":{"line":39,"column":null}},"21":{"start":{"line":40,"column":4},"end":{"line":40,"column":null}}},"fnMap":{"0":{"name":"handler","decl":{"start":{"line":4,"column":30},"end":{"line":4,"column":38}},"loc":{"start":{"line":4,"column":79},"end":{"line":42,"column":null}}}},"branchMap":{"0":{"loc":{"start":{"line":8,"column":4},"end":{"line":37,"column":null}},"type":"switch","locations":[{"start":{"line":9,"column":6},"end":{"line":16,"column":null}},{"start":{"line":18,"column":6},"end":{"line":24,"column":null}},{"start":{"line":26,"column":6},"end":{"line":32,"column":null}},{"start":{"line":34,"column":6},"end":{"line":36,"column":null}}]},"1":{"loc":{"start":{"line":12,"column":8},"end":{"line":14,"column":null}},"type":"if","locations":[{"start":{"line":12,"column":8},"end":{"line":14,"column":null}}]},"2":{"loc":{"start":{"line":20,"column":8},"end":{"line":22,"column":null}},"type":"if","locations":[{"start":{"line":20,"column":8},"end":{"line":22,"column":null}}]},"3":{"loc":{"start":{"line":20,"column":12},"end":{"line":20,"column":61}},"type":"binary-expr","locations":[{"start":{"line":20,"column":12},"end":{"line":20,"column":21}},{"start":{"line":20,"column":25},"end":{"line":20,"column":61}}]},"4":{"loc":{"start":{"line":28,"column":8},"end":{"line":30,"column":null}},"type":"if","locations":[{"start":{"line":28,"column":8},"end":{"line":30,"column":null}}]}},"s":{"0":4,"1":1,"2":4,"3":4,"4":4,"5":2,"6":2,"7":1,"8":1,"9":1,"10":2,"11":1,"12":1,"13":1,"14":0,"15":0,"16":0,"17":0,"18":0,"19":0,"20":0,"21":0},"f":{"0":4},"b":{"0":[2,2,0,0],"1":[1],"2":[1],"3":[2,2],"4":[0]}}
,"/mnt/c/Code/InnovateX-Frontend/pages/api/sessions/[id].ts": {"path":"/mnt/c/Code/InnovateX-Frontend/pages/api/sessions/[id].ts","statementMap":{"0":{"start":{"line":4,"column":30},"end":{"line":4,"column":38}},"1":{"start":{"line":2,"column":30},"end":{"line":2,"column":null}},"2":{"start":{"line":5,"column":21},"end":{"line":5,"column":null}},"3":{"start":{"line":6,"column":17},"end":{"line":6,"column":26}},"4":{"start":{"line":8,"column":2},"end":{"line":10,"column":null}},"5":{"start":{"line":9,"column":4},"end":{"line":9,"column":null}},"6":{"start":{"line":12,"column":2},"end":{"line":40,"column":null}},"7":{"start":{"line":13,"column":4},"end":{"line":36,"column":null}},"8":{"start":{"line":16,"column":24},"end":{"line":16,"column":null}},"9":{"start":{"line":17,"column":8},"end":{"line":19,"column":null}},"10":{"start":{"line":18,"column":10},"end":{"line":18,"column":null}},"11":{"start":{"line":20,"column":8},"end":{"line":20,"column":null}},"12":{"start":{"line":24,"column":8},"end":{"line":26,"column":null}},"13":{"start":{"line":25,"column":10},"end":{"line":25,"column":null}},"14":{"start":{"line":27,"column":31},"end":{"line":27,"column":null}},"15":{"start":{"line":28,"column":8},"end":{"line":30,"column":null}},"16":{"start":{"line":29,"column":10},"end":{"line":29,"column":null}},"17":{"start":{"line":31,"column":8},"end":{"line":31,"column":null}},"18":{"start":{"line":34,"column":8},"end":{"line":34,"column":null}},"19":{"start":{"line":35,"column":8},"end":{"line":35,"column":null}},"20":{"start":{"line":38,"column":4},"end":{"line":38,"column":null}},"21":{"start":{"line":39,"column":4},"end":{"line":39,"column":null}}},"fnMap":{"0":{"name":"handler","decl":{"start":{"line":4,"column":30},"end":{"line":4,"column":38}},"loc":{"start":{"line":4,"column":79},"end":{"line":41,"column":null}}}},"branchMap":{"0":{"loc":{"start":{"line":8,"column":2},"end":{"line":10,"column":null}},"type":"if","locations":[{"start":{"line":8,"column":2},"end":{"line":10,"column":null}}]},"1":{"loc":{"start":{"line":13,"column":4},"end":{"line":36,"column":null}},"type":"switch","locations":[{"start":{"line":14,"column":6},"end":{"line":20,"column":null}},{"start":{"line":22,"column":6},"end":{"line":31,"column":null}},{"start":{"line":33,"column":6},"end":{"line":35,"column":null}}]},"2":{"loc":{"start":{"line":17,"column":8},"end":{"line":19,"column":null}},"type":"if","locations":[{"start":{"line":17,"column":8},"end":{"line":19,"column":null}}]},"3":{"loc":{"start":{"line":24,"column":8},"end":{"line":26,"column":null}},"type":"if","locations":[{"start":{"line":24,"column":8},"end":{"line":26,"column":null}}]},"4":{"loc":{"start":{"line":28,"column":8},"end":{"line":30,"column":null}},"type":"if","locations":[{"start":{"line":28,"column":8},"end":{"line":30,"column":null}}]}},"s":{"0":0,"1":0,"2":0,"3":0,"4":0,"5":0,"6":0,"7":0,"8":0,"9":0,"10":0,"11":0,"12":0,"13":0,"14":0,"15":0,"16":0,"17":0,"18":0,"19":0,"20":0,"21":0},"f":{"0":0},"b":{"0":[0],"1":[0,0,0],"2":[0],"3":[0],"4":[0]}}
,"/mnt/c/Code/InnovateX-Frontend/pages/api/sessions/index.ts": {"path":"/mnt/c/Code/InnovateX-Frontend/pages/api/sessions/index.ts","statementMap":{"0":{"start":{"line":16,"column":30},"end":{"line":16,"column":38}},"1":{"start":{"line":2,"column":30},"end":{"line":2,"column":null}},"2":{"start":{"line":6,"column":20},"end":{"line":6,"column":null}},"3":{"start":{"line":7,"column":2},"end":{"line":9,"column":null}},"4":{"start":{"line":8,"column":4},"end":{"line":8,"column":null}},"5":{"start":{"line":10,"column":2},"end":{"line":12,"column":null}},"6":{"start":{"line":11,"column":4},"end":{"line":11,"column":null}},"7":{"start":{"line":13,"column":2},"end":{"line":13,"column":null}},"8":{"start":{"line":17,"column":21},"end":{"line":17,"column":null}},"9":{"start":{"line":19,"column":2},"end":{"line":52,"column":null}},"10":{"start":{"line":20,"column":4},"end":{"line":48,"column":null}},"11":{"start":{"line":23,"column":8},"end":{"line":25,"column":null}},"12":{"start":{"line":24,"column":10},"end":{"line":24,"column":null}},"13":{"start":{"line":27,"column":27},"end":{"line":27,"column":null}},"14":{"start":{"line":29,"column":32},"end":{"line":29,"column":null}},"15":{"start":{"line":30,"column":8},"end":{"line":30,"column":null}},"16":{"start":{"line":34,"column":27},"end":{"line":34,"column":36}},"17":{"start":{"line":35,"column":8},"end":{"line":37,"column":null}},"18":{"start":{"line":36,"column":10},"end":{"line":36,"column":null}},"19":{"start":{"line":38,"column":25},"end":{"line":38,"column":null}},"20":{"start":{"line":40,"column":33},"end":{"line":41,"column":null}},"21":{"start":{"line":41,"column":10},"end":{"line":41,"column":null}},"22":{"start":{"line":43,"column":8},"end":{"line":43,"column":null}},"23":{"start":{"line":46,"column":8},"end":{"line":46,"column":null}},"24":{"start":{"line":47,"column":8},"end":{"line":47,"column":null}},"25":{"start":{"line":50,"column":4},"end":{"line":50,"column":null}},"26":{"start":{"line":51,"column":4},"end":{"line":51,"column":null}}},"fnMap":{"0":{"name":"convertDates","decl":{"start":{"line":5,"column":9},"end":{"line":5,"column":22}},"loc":{"start":{"line":5,"column":30},"end":{"line":14,"column":null}}},"1":{"name":"handler","decl":{"start":{"line":16,"column":30},"end":{"line":16,"column":38}},"loc":{"start":{"line":16,"column":79},"end":{"line":53,"column":null}}},"2":{"name":"(anonymous_4)","decl":{"start":{"line":40,"column":46},"end":{"line":40,"column":null}},"loc":{"start":{"line":41,"column":10},"end":{"line":41,"column":null}}}},"branchMap":{"0":{"loc":{"start":{"line":7,"column":2},"end":{"line":9,"column":null}},"type":"if","locations":[{"start":{"line":7,"column":2},"end":{"line":9,"column":null}}]},"1":{"loc":{"start":{"line":10,"column":2},"end":{"line":12,"column":null}},"type":"if","locations":[{"start":{"line":10,"column":2},"end":{"line":12,"column":null}}]},"2":{"loc":{"start":{"line":20,"column":4},"end":{"line":48,"column":null}},"type":"switch","locations":[{"start":{"line":21,"column":6},"end":{"line":30,"column":null}},{"start":{"line":32,"column":6},"end":{"line":43,"column":null}},{"start":{"line":45,"column":6},"end":{"line":47,"column":null}}]},"3":{"loc":{"start":{"line":23,"column":8},"end":{"line":25,"column":null}},"type":"if","locations":[{"start":{"line":23,"column":8},"end":{"line":25,"column":null}}]},"4":{"loc":{"start":{"line":23,"column":12},"end":{"line":23,"column":61}},"type":"binary-expr","locations":[{"start":{"line":23,"column":12},"end":{"line":23,"column":21}},{"start":{"line":23,"column":25},"end":{"line":23,"column":61}}]},"5":{"loc":{"start":{"line":35,"column":8},"end":{"line":37,"column":null}},"type":"if","locations":[{"start":{"line":35,"column":8},"end":{"line":37,"column":null}}]}},"s":{"0":4,"1":1,"2":2,"3":2,"4":2,"5":2,"6":2,"7":2,"8":4,"9":4,"10":4,"11":2,"12":1,"13":1,"14":1,"15":1,"16":2,"17":2,"18":1,"19":1,"20":1,"21":1,"22":1,"23":0,"24":0,"25":0,"26":0},"f":{"0":2,"1":4,"2":1},"b":{"0":[2],"1":[2],"2":[2,2,0],"3":[1],"4":[2,2],"5":[1]}}
,"/mnt/c/Code/InnovateX-Frontend/pages/api/sessions/[id]/answer.ts": {"path":"/mnt/c/Code/InnovateX-Frontend/pages/api/sessions/[id]/answer.ts","statementMap":{"0":{"start":{"line":4,"column":30},"end":{"line":4,"column":38}},"1":{"start":{"line":2,"column":30},"end":{"line":2,"column":null}},"2":{"start":{"line":5,"column":21},"end":{"line":5,"column":null}},"3":{"start":{"line":6,"column":17},"end":{"line":6,"column":26}},"4":{"start":{"line":8,"column":2},"end":{"line":10,"column":null}},"5":{"start":{"line":9,"column":4},"end":{"line":9,"column":null}},"6":{"start":{"line":12,"column":2},"end":{"line":40,"column":null}},"7":{"start":{"line":13,"column":4},"end":{"line":33,"column":null}},"8":{"start":{"line":14,"column":45},"end":{"line":14,"column":53}},"9":{"start":{"line":16,"column":6},"end":{"line":20,"column":null}},"10":{"start":{"line":17,"column":8},"end":{"line":19,"column":null}},"11":{"start":{"line":22,"column":29},"end":{"line":25,"column":null}},"12":{"start":{"line":28,"column":6},"end":{"line":30,"column":null}},"13":{"start":{"line":29,"column":8},"end":{"line":29,"column":null}},"14":{"start":{"line":32,"column":6},"end":{"line":32,"column":null}},"15":{"start":{"line":35,"column":4},"end":{"line":35,"column":null}},"16":{"start":{"line":36,"column":4},"end":{"line":36,"column":null}},"17":{"start":{"line":38,"column":4},"end":{"line":38,"column":null}},"18":{"start":{"line":39,"column":4},"end":{"line":39,"column":null}}},"fnMap":{"0":{"name":"handler","decl":{"start":{"line":4,"column":30},"end":{"line":4,"column":38}},"loc":{"start":{"line":4,"column":79},"end":{"line":41,"column":null}}}},"branchMap":{"0":{"loc":{"start":{"line":8,"column":2},"end":{"line":10,"column":null}},"type":"if","locations":[{"start":{"line":8,"column":2},"end":{"line":10,"column":null}}]},"1":{"loc":{"start":{"line":13,"column":4},"end":{"line":33,"column":null}},"type":"if","locations":[{"start":{"line":13,"column":4},"end":{"line":33,"column":null}}]},"2":{"loc":{"start":{"line":16,"column":6},"end":{"line":20,"column":null}},"type":"if","locations":[{"start":{"line":16,"column":6},"end":{"line":20,"column":null}}]},"3":{"loc":{"start":{"line":16,"column":10},"end":{"line":16,"column":61}},"type":"binary-expr","locations":[{"start":{"line":16,"column":10},"end":{"line":16,"column":25}},{"start":{"line":16,"column":25},"end":{"line":16,"column":61}}]},"4":{"loc":{"start":{"line":28,"column":6},"end":{"line":30,"column":null}},"type":"if","locations":[{"start":{"line":28,"column":6},"end":{"line":30,"column":null}}]}},"s":{"0":0,"1":0,"2":0,"3":0,"4":0,"5":0,"6":0,"7":0,"8":0,"9":0,"10":0,"11":0,"12":0,"13":0,"14":0,"15":0,"16":0,"17":0,"18":0},"f":{"0":0},"b":{"0":[0],"1":[0],"2":[0],"3":[0,0],"4":[0]}}
,"/mnt/c/Code/InnovateX-Frontend/pages/api/sessions/[id]/complete.ts": {"path":"/mnt/c/Code/InnovateX-Frontend/pages/api/sessions/[id]/complete.ts","statementMap":{"0":{"start":{"line":4,"column":30},"end":{"line":4,"column":38}},"1":{"start":{"line":2,"column":30},"end":{"line":2,"column":null}},"2":{"start":{"line":5,"column":21},"end":{"line":5,"column":null}},"3":{"start":{"line":6,"column":17},"end":{"line":6,"column":26}},"4":{"start":{"line":8,"column":2},"end":{"line":10,"column":null}},"5":{"start":{"line":9,"column":4},"end":{"line":9,"column":null}},"6":{"start":{"line":12,"column":2},"end":{"line":40,"column":null}},"7":{"start":{"line":13,"column":4},"end":{"line":33,"column":null}},"8":{"start":{"line":14,"column":39},"end":{"line":14,"column":47}},"9":{"start":{"line":16,"column":6},"end":{"line":20,"column":null}},"10":{"start":{"line":17,"column":8},"end":{"line":19,"column":null}},"11":{"start":{"line":22,"column":31},"end":{"line":25,"column":null}},"12":{"start":{"line":28,"column":6},"end":{"line":30,"column":null}},"13":{"start":{"line":29,"column":8},"end":{"line":29,"column":null}},"14":{"start":{"line":32,"column":6},"end":{"line":32,"column":null}},"15":{"start":{"line":35,"column":4},"end":{"line":35,"column":null}},"16":{"start":{"line":36,"column":4},"end":{"line":36,"column":null}},"17":{"start":{"line":38,"column":4},"end":{"line":38,"column":null}},"18":{"start":{"line":39,"column":4},"end":{"line":39,"column":null}}},"fnMap":{"0":{"name":"handler","decl":{"start":{"line":4,"column":30},"end":{"line":4,"column":38}},"loc":{"start":{"line":4,"column":79},"end":{"line":41,"column":null}}}},"branchMap":{"0":{"loc":{"start":{"line":8,"column":2},"end":{"line":10,"column":null}},"type":"if","locations":[{"start":{"line":8,"column":2},"end":{"line":10,"column":null}}]},"1":{"loc":{"start":{"line":13,"column":4},"end":{"line":33,"column":null}},"type":"if","locations":[{"start":{"line":13,"column":4},"end":{"line":33,"column":null}}]},"2":{"loc":{"start":{"line":16,"column":6},"end":{"line":20,"column":null}},"type":"if","locations":[{"start":{"line":16,"column":6},"end":{"line":20,"column":null}}]},"3":{"loc":{"start":{"line":16,"column":10},"end":{"line":16,"column":55}},"type":"binary-expr","locations":[{"start":{"line":16,"column":10},"end":{"line":16,"column":44}},{"start":{"line":16,"column":44},"end":{"line":16,"column":55}}]},"4":{"loc":{"start":{"line":28,"column":6},"end":{"line":30,"column":null}},"type":"if","locations":[{"start":{"line":28,"column":6},"end":{"line":30,"column":null}}]}},"s":{"0":0,"1":0,"2":0,"3":0,"4":0,"5":0,"6":0,"7":0,"8":0,"9":0,"10":0,"11":0,"12":0,"13":0,"14":0,"15":0,"16":0,"17":0,"18":0},"f":{"0":0},"b":{"0":[0],"1":[0],"2":[0],"3":[0,0],"4":[0]}}
}
