TN:
SF:middleware.ts
FN:4,middleware
FNF:1
FNH:0
FNDA:0,middleware
DA:1,0
DA:4,0
DA:5,0
DA:7,0
DA:20,0
DA:23,0
LF:6
LH:0
BRF:0
BRH:0
end_of_record
TN:
SF:next.config.js
FN:3,(anonymous_0)
FNF:1
FNH:0
FNDA:0,(anonymous_0)
DA:2,0
DA:5,0
DA:6,0
DA:9,0
DA:32,0
LF:5
LH:0
BRDA:5,0,0,0
BRF:1
BRH:0
end_of_record
TN:
SF:postcss.config.js
FNF:0
FNH:0
DA:1,0
LF:1
LH:0
BRF:0
BRH:0
end_of_record
TN:
SF:tailwind.config.js
FNF:0
FNH:0
DA:2,0
LF:1
LH:0
BRF:0
BRH:0
end_of_record
TN:
SF:components/DigitalFitCheck.tsx
FN:50,(anonymous_4)
FN:65,(anonymous_5)
FN:73,(anonymous_6)
FN:83,(anonymous_7)
FN:88,(anonymous_8)
FN:116,(anonymous_9)
FN:136,(anonymous_10)
FN:148,(anonymous_11)
FN:158,(anonymous_12)
FN:169,(anonymous_13)
FN:173,(anonymous_14)
FN:220,(anonymous_15)
FN:232,(anonymous_16)
FN:245,(anonymous_17)
FN:245,(anonymous_18)
FN:261,(anonymous_19)
FN:263,(anonymous_20)
FN:284,(anonymous_21)
FN:290,(anonymous_22)
FN:299,(anonymous_23)
FN:304,(anonymous_24)
FN:308,(anonymous_25)
FN:322,(anonymous_26)
FN:343,(anonymous_27)
FN:353,(anonymous_28)
FN:362,(anonymous_29)
FN:370,(anonymous_30)
FN:381,(anonymous_31)
FN:392,(anonymous_33)
FNF:29
FNH:0
FNDA:0,(anonymous_4)
FNDA:0,(anonymous_5)
FNDA:0,(anonymous_6)
FNDA:0,(anonymous_7)
FNDA:0,(anonymous_8)
FNDA:0,(anonymous_9)
FNDA:0,(anonymous_10)
FNDA:0,(anonymous_11)
FNDA:0,(anonymous_12)
FNDA:0,(anonymous_13)
FNDA:0,(anonymous_14)
FNDA:0,(anonymous_15)
FNDA:0,(anonymous_16)
FNDA:0,(anonymous_17)
FNDA:0,(anonymous_18)
FNDA:0,(anonymous_19)
FNDA:0,(anonymous_20)
FNDA:0,(anonymous_21)
FNDA:0,(anonymous_22)
FNDA:0,(anonymous_23)
FNDA:0,(anonymous_24)
FNDA:0,(anonymous_25)
FNDA:0,(anonymous_26)
FNDA:0,(anonymous_27)
FNDA:0,(anonymous_28)
FNDA:0,(anonymous_29)
FNDA:0,(anonymous_30)
FNDA:0,(anonymous_31)
FNDA:0,(anonymous_33)
DA:1,0
DA:2,0
DA:3,0
DA:4,0
DA:5,0
DA:6,0
DA:8,0
DA:9,0
DA:50,0
DA:56,0
DA:57,0
DA:58,0
DA:59,0
DA:60,0
DA:62,0
DA:65,0
DA:66,0
DA:73,0
DA:74,0
DA:75,0
DA:76,0
DA:77,0
DA:83,0
DA:84,0
DA:88,0
DA:89,0
DA:90,0
DA:91,0
DA:92,0
DA:116,0
DA:117,0
DA:118,0
DA:119,0
DA:129,0
DA:130,0
DA:131,0
DA:134,0
DA:136,0
DA:141,0
DA:142,0
DA:145,0
DA:147,0
DA:148,0
DA:153,0
DA:158,0
DA:170,0
DA:173,0
DA:220,0
DA:221,0
DA:222,0
DA:223,0
DA:224,0
DA:225,0
DA:226,0
DA:227,0
DA:232,0
DA:245,0
DA:261,0
DA:262,0
DA:263,0
DA:267,0
DA:270,0
DA:271,0
DA:272,0
DA:278,0
DA:280,0
DA:281,0
DA:284,0
DA:289,0
DA:290,0
DA:295,0
DA:299,0
DA:300,0
DA:301,0
DA:304,0
DA:305,0
DA:307,0
DA:308,0
DA:309,0
DA:310,0
DA:312,0
DA:313,0
DA:322,0
DA:329,0
DA:331,0
DA:332,0
DA:335,0
DA:336,0
DA:338,0
DA:339,0
DA:343,0
DA:349,0
DA:352,0
DA:353,0
DA:358,0
DA:362,0
DA:363,0
DA:364,0
DA:366,0
DA:370,0
DA:371,0
DA:372,0
DA:373,0
DA:374,0
DA:375,0
DA:376,0
DA:377,0
DA:381,0
DA:382,0
DA:383,0
DA:385,0
DA:393,0
LF:112
LH:0
BRDA:74,0,0,0
BRDA:76,1,0,0
BRDA:89,2,0,0
BRDA:89,2,1,0
BRDA:89,3,0,0
BRDA:89,3,1,0
BRDA:91,4,0,0
BRDA:91,4,1,0
BRDA:101,5,0,0
BRDA:101,5,1,0
BRDA:129,6,0,0
BRDA:131,7,0,0
BRDA:131,7,1,0
BRDA:141,8,0,0
BRDA:172,9,0,0
BRDA:172,9,1,0
BRDA:176,10,0,0
BRDA:176,10,1,0
BRDA:196,11,0,0
BRDA:196,11,1,0
BRDA:196,12,0,0
BRDA:196,12,1,0
BRDA:221,13,0,0
BRDA:221,13,1,0
BRDA:221,13,2,0
BRDA:221,13,3,0
BRDA:221,13,4,0
BRDA:221,13,5,0
BRDA:262,14,0,0
BRDA:280,15,0,0
BRDA:281,16,0,0
BRDA:281,16,1,0
BRDA:292,17,0,0
BRDA:292,17,1,0
BRDA:300,18,0,0
BRDA:305,19,0,0
BRDA:323,20,0,0
BRDA:323,20,1,0
BRDA:331,21,0,0
BRDA:332,22,0,0
BRDA:332,22,1,0
BRDA:335,23,0,0
BRDA:338,24,0,0
BRDA:355,25,0,0
BRDA:355,25,1,0
BRDA:371,26,0,0
BRDA:371,26,1,0
BRDA:371,26,2,0
BRDA:371,26,3,0
BRDA:371,26,4,0
BRDA:371,26,5,0
BRDA:396,27,0,0
BRDA:396,27,1,0
BRDA:401,28,0,0
BRDA:401,28,1,0
BRDA:407,29,0,0
BRDA:414,30,0,0
BRDA:414,30,1,0
BRDA:444,31,0,0
BRDA:454,32,0,0
BRDA:454,32,1,0
BRDA:454,32,2,0
BRDA:454,32,3,0
BRDA:455,33,0,0
BRF:64
BRH:0
end_of_record
TN:
SF:components/Footer.tsx
FN:5,(anonymous_5)
FN:8,(anonymous_6)
FN:69,(anonymous_7)
FNF:3
FNH:0
FNDA:0,(anonymous_5)
FNDA:0,(anonymous_6)
FNDA:0,(anonymous_7)
DA:1,0
DA:2,0
DA:3,0
DA:5,0
DA:6,0
DA:8,0
DA:9,0
DA:10,0
DA:11,0
DA:14,0
DA:16,0
DA:18,0
DA:20,0
DA:69,0
DA:101,0
LF:15
LH:0
BRF:0
BRH:0
end_of_record
TN:
SF:components/Header.tsx
FN:16,(anonymous_5)
FN:60,(anonymous_6)
FN:77,(anonymous_7)
FNF:3
FNH:0
FNDA:0,(anonymous_5)
FNDA:0,(anonymous_6)
FNDA:0,(anonymous_7)
DA:1,0
DA:2,0
DA:3,0
DA:4,0
DA:11,0
DA:13,0
DA:14,0
DA:16,0
DA:60,0
DA:61,0
DA:77,0
DA:91,0
LF:12
LH:0
BRDA:82,0,0,0
BRF:1
BRH:0
end_of_record
TN:
SF:components/Layout.tsx
FN:9,(anonymous_2)
FNF:1
FNH:0
FNDA:0,(anonymous_2)
DA:1,0
DA:2,0
DA:3,0
DA:9,0
DA:21,0
LF:5
LH:0
BRF:0
BRH:0
end_of_record
TN:
SF:components/Navigation.tsx
FN:4,(anonymous_2)
FNF:1
FNH:0
FNDA:0,(anonymous_2)
DA:1,0
DA:2,0
DA:4,0
DA:18,0
LF:4
LH:0
BRF:0
BRH:0
end_of_record
TN:
SF:components/NavigationMenu.tsx
FN:13,(anonymous_4)
FNF:1
FNH:0
FNDA:0,(anonymous_4)
DA:1,0
DA:11,0
DA:13,0
DA:23,0
LF:4
LH:0
BRF:0
BRH:0
end_of_record
TN:
SF:components/ui/button.tsx
FN:44,(anonymous_6)
FNF:1
FNH:0
FNDA:0,(anonymous_6)
DA:1,0
DA:2,0
DA:3,0
DA:5,0
DA:7,0
DA:43,0
DA:45,0
DA:55,0
DA:57,0
LF:9
LH:0
BRDA:44,0,0,0
BRDA:45,1,0,0
BRDA:45,1,1,0
BRF:3
BRH:0
end_of_record
TN:
SF:components/ui/card.tsx
FNF:0
FNH:0
DA:1,0
DA:3,0
DA:18,0
DA:30,0
DA:42,0
DA:54,0
DA:62,0
DA:74,0
DA:76,0
LF:9
LH:0
BRF:0
BRH:0
end_of_record
TN:
SF:components/ui/input.tsx
FN:6,(anonymous_4)
FNF:1
FNH:0
FNDA:0,(anonymous_4)
DA:1,0
DA:3,0
DA:5,0
DA:20,0
DA:22,0
LF:5
LH:0
BRF:0
BRH:0
end_of_record
TN:
SF:components/ui/label.tsx
FNF:0
FNH:0
DA:1,0
DA:2,0
DA:3,0
DA:5,0
DA:7,0
DA:22,0
DA:24,0
LF:7
LH:0
BRF:0
BRH:0
end_of_record
TN:
SF:components/ui/navigation-menu.tsx
FNF:0
FNH:0
DA:1,0
DA:2,0
DA:3,0
DA:4,0
DA:5,0
DA:23,0
DA:38,0
DA:40,0
DA:42,0
DA:62,0
DA:77,0
DA:79,0
DA:96,0
DA:114,0
DA:118,0
DA:119,0
DA:120,0
DA:121,0
DA:122,0
DA:123,0
DA:124,0
DA:125,0
DA:126,0
LF:23
LH:0
BRF:0
BRH:0
end_of_record
TN:
SF:components/ui/progress.tsx
FNF:0
FNH:0
DA:1,0
DA:2,0
DA:4,0
DA:24,0
DA:26,0
LF:5
LH:0
BRDA:20,0,0,0
BRDA:20,0,1,0
BRF:2
BRH:0
end_of_record
TN:
SF:components/ui/scroll-area.tsx
FNF:0
FNH:0
DA:1,0
DA:2,0
DA:4,0
DA:22,0
DA:44,0
DA:46,0
LF:6
LH:0
BRDA:27,0,0,0
BRDA:33,1,0,0
BRDA:33,1,1,0
BRDA:35,2,0,0
BRDA:35,2,1,0
BRF:5
BRH:0
end_of_record
TN:
SF:components/ui/select.tsx
FNF:0
FNH:0
DA:1,0
DA:2,0
DA:3,0
DA:5,0
DA:7,0
DA:9,0
DA:11,0
DA:31,0
DA:48,0
DA:65,0
DA:98,0
DA:110,0
DA:132,0
DA:144,0
DA:147,0
DA:148,0
DA:149,0
DA:150,0
DA:151,0
DA:152,0
DA:153,0
DA:154,0
DA:155,0
DA:156,0
LF:24
LH:0
BRDA:71,0,0,0
BRDA:77,1,0,0
BRDA:77,1,1,0
BRDA:88,2,0,0
BRDA:88,2,1,0
BRF:5
BRH:0
end_of_record
TN:
SF:components/ui/slider.tsx
FNF:0
FNH:0
DA:1,0
DA:2,0
DA:4,0
DA:24,0
DA:26,0
LF:5
LH:0
BRF:0
BRH:0
end_of_record
TN:
SF:database/config.ts
FN:15,dbConnect
FN:29,(anonymous_3)
FN:32,(anonymous_4)
FN:49,(anonymous_5)
FN:53,(anonymous_6)
FN:57,(anonymous_7)
FN:62,(anonymous_8)
FNF:7
FNH:0
FNDA:0,dbConnect
FNDA:0,(anonymous_3)
FNDA:0,(anonymous_4)
FNDA:0,(anonymous_5)
FNDA:0,(anonymous_6)
FNDA:0,(anonymous_7)
FNDA:0,(anonymous_8)
DA:1,2
DA:3,2
DA:5,2
DA:6,0
DA:9,2
DA:11,2
DA:12,2
DA:16,0
DA:17,0
DA:20,0
DA:21,0
DA:29,0
DA:30,0
DA:31,0
DA:33,0
DA:34,0
DA:38,0
DA:39,0
DA:41,0
DA:42,0
DA:45,0
DA:49,2
DA:50,0
DA:53,2
DA:54,0
DA:57,2
DA:58,0
DA:62,2
DA:63,0
DA:64,0
DA:67,2
LF:31
LH:11
BRDA:5,0,0,0
BRDA:11,1,0,2
BRDA:16,2,0,0
BRDA:20,3,0,0
BRF:4
BRH:1
end_of_record
TN:
SF:database/models/Question.ts
FNF:0
FNH:0
DA:1,1
DA:24,1
DA:30,1
DA:65,1
DA:67,1
LF:5
LH:5
BRDA:67,0,0,1
BRDA:67,0,1,1
BRF:2
BRH:2
end_of_record
TN:
SF:database/models/Session.ts
FNF:0
FNH:0
DA:1,1
DA:24,1
DA:40,1
DA:77,1
DA:78,1
DA:80,1
LF:6
LH:6
BRDA:80,0,0,1
BRDA:80,0,1,1
BRF:2
BRH:2
end_of_record
TN:
SF:database/repositories/questionRepository.ts
FN:6,(anonymous_4)
FN:15,(anonymous_5)
FN:23,(anonymous_6)
FN:27,(anonymous_7)
FN:45,(anonymous_8)
FN:61,(anonymous_9)
FN:92,(anonymous_10)
FN:120,(anonymous_11)
FN:136,(anonymous_12)
FN:145,(anonymous_13)
FN:171,(anonymous_14)
FN:177,(anonymous_15)
FN:187,(anonymous_16)
FN:200,(anonymous_17)
FNF:14
FNH:0
FNDA:0,(anonymous_4)
FNDA:0,(anonymous_5)
FNDA:0,(anonymous_6)
FNDA:0,(anonymous_7)
FNDA:0,(anonymous_8)
FNDA:0,(anonymous_9)
FNDA:0,(anonymous_10)
FNDA:0,(anonymous_11)
FNDA:0,(anonymous_12)
FNDA:0,(anonymous_13)
FNDA:0,(anonymous_14)
FNDA:0,(anonymous_15)
FNDA:0,(anonymous_16)
FNDA:0,(anonymous_17)
DA:1,1
DA:2,1
DA:3,1
DA:7,0
DA:8,0
DA:14,1
DA:16,0
DA:17,0
DA:19,0
DA:24,0
DA:28,0
DA:29,0
DA:32,0
DA:33,0
DA:34,0
DA:39,0
DA:41,0
DA:46,0
DA:47,0
DA:50,0
DA:51,0
DA:52,0
DA:55,0
DA:57,0
DA:62,0
DA:63,0
DA:66,0
DA:67,0
DA:70,0
DA:77,0
DA:79,0
DA:85,0
DA:86,0
DA:88,0
DA:93,0
DA:94,0
DA:97,0
DA:98,0
DA:99,0
DA:110,0
DA:111,0
DA:114,0
DA:116,0
DA:121,0
DA:122,0
DA:125,0
DA:126,0
DA:127,0
DA:130,0
DA:132,0
DA:137,0
DA:138,0
DA:139,0
DA:141,0
DA:146,0
DA:147,0
DA:150,0
DA:151,0
DA:154,0
DA:155,0
DA:156,0
DA:165,0
DA:167,0
DA:172,0
DA:173,0
DA:177,0
DA:178,0
DA:179,0
DA:183,0
DA:184,0
DA:187,0
DA:188,0
DA:190,0
DA:191,0
DA:196,0
DA:200,0
DA:201,0
DA:202,0
DA:203,0
DA:211,0
DA:216,0
DA:218,0
DA:223,1
LF:83
LH:5
BRDA:28,0,0,0
BRDA:46,1,0,0
BRDA:62,2,0,0
BRDA:62,3,0,0
BRDA:62,3,1,0
BRDA:62,3,2,0
BRDA:77,4,0,0
BRDA:77,4,1,0
BRDA:82,5,0,0
BRDA:82,5,1,0
BRDA:93,6,0,0
BRDA:110,7,0,0
BRDA:121,8,0,0
BRDA:146,9,0,0
BRDA:150,10,0,0
BRDA:172,11,0,0
BRDA:172,12,0,0
BRDA:172,12,1,0
BRDA:178,13,0,0
BRDA:178,14,0,0
BRDA:178,14,1,0
BRDA:178,14,2,0
BRDA:196,15,0,0
BRDA:196,15,1,0
BRDA:201,16,0,0
BRDA:201,16,1,0
BRDA:206,17,0,0
BRDA:206,17,1,0
BRF:28
BRH:0
end_of_record
TN:
SF:database/repositories/sessionRepository.ts
FN:5,(anonymous_4)
FN:9,(anonymous_5)
FN:14,(anonymous_6)
FN:19,(anonymous_7)
FN:31,(anonymous_8)
FN:53,(anonymous_9)
FN:71,(anonymous_10)
FN:76,(anonymous_11)
FNF:8
FNH:0
FNDA:0,(anonymous_4)
FNDA:0,(anonymous_5)
FNDA:0,(anonymous_6)
FNDA:0,(anonymous_7)
FNDA:0,(anonymous_8)
FNDA:0,(anonymous_9)
FNDA:0,(anonymous_10)
FNDA:0,(anonymous_11)
DA:1,1
DA:2,1
DA:4,1
DA:6,0
DA:10,0
DA:11,0
DA:15,0
DA:16,0
DA:20,0
DA:21,0
DA:36,0
DA:37,0
DA:58,0
DA:59,0
DA:72,0
DA:73,0
DA:77,0
DA:78,0
DA:79,0
DA:81,0
DA:88,1
LF:21
LH:4
BRF:0
BRH:0
end_of_record
TN:
SF:lib/utils.ts
FN:4,cn
FNF:1
FNH:0
FNDA:0,cn
DA:1,0
DA:2,0
DA:4,0
DA:5,0
LF:4
LH:0
BRF:0
BRH:0
end_of_record
TN:
SF:pages/_app.tsx
FN:5,MyApp
FNF:1
FNH:0
FNDA:0,MyApp
DA:2,0
DA:3,0
DA:13,0
LF:3
LH:0
BRF:0
BRH:0
end_of_record
TN:
SF:pages/digital-fit-check.tsx
FN:6,DigitalFitCheck
FN:10,(anonymous_6)
FN:54,(anonymous_7)
FN:65,(anonymous_8)
FNF:4
FNH:0
FNDA:0,DigitalFitCheck
FNDA:0,(anonymous_6)
FNDA:0,(anonymous_7)
FNDA:0,(anonymous_8)
DA:1,0
DA:2,0
DA:6,0
DA:7,0
DA:8,0
DA:10,0
DA:11,0
DA:12,0
DA:22,0
DA:23,0
DA:38,0
DA:40,0
DA:55,0
DA:66,0
LF:14
LH:0
BRDA:64,0,0,0
BRDA:64,0,1,0
BRDA:66,1,0,0
BRDA:66,1,1,0
BRF:4
BRH:0
end_of_record
TN:
SF:pages/index.tsx
FN:15,Home
FN:26,(anonymous_5)
FN:94,(anonymous_6)
FNF:3
FNH:0
FNDA:0,Home
FNDA:0,(anonymous_5)
FNDA:0,(anonymous_6)
DA:1,0
DA:2,0
DA:10,0
DA:11,0
DA:13,0
DA:15,0
DA:16,0
DA:24,0
DA:26,0
DA:27,0
DA:28,0
DA:38,0
DA:39,0
DA:40,0
DA:42,0
DA:95,0
DA:146,0
LF:17
LH:0
BRDA:137,0,0,0
BRF:1
BRH:0
end_of_record
TN:
SF:pages/api/digital-fit-check.ts
FN:244,generateFinalAnalysis
FN:247,(anonymous_3)
FN:274,handler
FN:420,(anonymous_5)
FNF:4
FNH:0
FNDA:0,generateFinalAnalysis
FNDA:0,(anonymous_3)
FNDA:0,handler
FNDA:0,(anonymous_5)
DA:1,0
DA:21,0
DA:29,0
DA:214,0
DA:240,0
DA:245,0
DA:247,0
DA:248,0
DA:251,0
DA:267,0
DA:269,0
DA:270,0
DA:274,0
DA:278,0
DA:279,0
DA:282,0
DA:283,0
DA:286,0
DA:287,0
DA:288,0
DA:293,0
DA:294,0
DA:295,0
DA:297,0
DA:306,0
DA:312,0
DA:314,0
DA:315,0
DA:316,0
DA:321,0
DA:322,0
DA:323,0
DA:328,0
DA:331,0
DA:332,0
DA:333,0
DA:338,0
DA:341,0
DA:342,0
DA:343,0
DA:348,0
DA:351,0
DA:352,0
DA:353,0
DA:358,0
DA:360,0
DA:361,0
DA:367,0
DA:368,0
DA:371,0
DA:372,0
DA:373,0
DA:374,0
DA:381,0
DA:388,0
DA:389,0
DA:390,0
DA:391,0
DA:392,0
DA:400,0
DA:408,0
DA:409,0
DA:411,0
DA:412,0
DA:415,0
DA:420,0
DA:427,0
DA:433,0
DA:434,0
DA:440,0
DA:445,0
DA:446,0
LF:72
LH:0
BRDA:267,0,0,0
BRDA:267,0,1,0
BRDA:278,1,0,0
BRDA:283,2,0,0
BRDA:286,3,0,0
BRDA:293,4,0,0
BRDA:312,5,0,0
BRDA:314,6,0,0
BRDA:322,7,0,0
BRDA:331,8,0,0
BRDA:341,9,0,0
BRDA:352,10,0,0
BRDA:352,11,0,0
BRDA:352,11,1,0
BRDA:352,11,2,0
BRDA:372,12,0,0
BRDA:389,13,0,0
BRDA:448,14,0,0
BRDA:448,14,1,0
BRF:19
BRH:0
end_of_record
TN:
SF:pages/api/send-results.ts
FN:4,handler
FN:35,(anonymous_3)
FNF:2
FNH:0
FNDA:0,handler
FNDA:0,(anonymous_3)
DA:2,0
DA:4,0
DA:8,0
DA:9,0
DA:12,0
DA:13,0
DA:16,0
DA:27,0
DA:35,0
DA:41,0
DA:43,0
DA:44,0
LF:12
LH:0
BRDA:8,0,0,0
BRF:1
BRH:0
end_of_record
TN:
SF:pages/api/test-openai.ts
FN:14,handler
FNF:1
FNH:0
FNDA:0,handler
DA:2,0
DA:4,0
DA:14,0
DA:18,0
DA:19,0
DA:22,0
DA:23,0
DA:28,0
DA:33,0
DA:34,0
LF:10
LH:0
BRDA:18,0,0,0
BRDA:29,1,0,0
BRDA:29,1,1,0
BRDA:36,2,0,0
BRDA:36,2,1,0
BRF:5
BRH:0
end_of_record
TN:
SF:pages/api/questions/[id].ts
FN:4,handler
FNF:1
FNH:0
FNDA:0,handler
DA:2,0
DA:4,0
DA:5,0
DA:6,0
DA:8,0
DA:9,0
DA:12,0
DA:13,0
DA:16,0
DA:17,0
DA:18,0
DA:20,0
DA:24,0
DA:25,0
DA:27,0
DA:28,0
DA:29,0
DA:31,0
DA:35,0
DA:36,0
DA:37,0
DA:39,0
DA:42,0
DA:43,0
DA:46,0
DA:47,0
LF:26
LH:0
BRDA:8,0,0,0
BRDA:13,1,0,0
BRDA:13,1,1,0
BRDA:13,1,2,0
BRDA:13,1,3,0
BRDA:17,2,0,0
BRDA:24,3,0,0
BRDA:28,4,0,0
BRDA:36,5,0,0
BRF:9
BRH:0
end_of_record
TN:
SF:pages/api/questions/index.ts
FN:4,handler
FNF:1
FNH:1
FNDA:4,handler
DA:2,1
DA:4,4
DA:5,4
DA:7,4
DA:8,4
DA:11,2
DA:12,2
DA:13,1
DA:15,1
DA:16,1
DA:20,2
DA:21,1
DA:23,1
DA:24,1
DA:28,0
DA:29,0
DA:31,0
DA:32,0
DA:35,0
DA:36,0
DA:39,0
DA:40,0
LF:22
LH:14
BRDA:8,0,0,2
BRDA:8,0,1,2
BRDA:8,0,2,0
BRDA:8,0,3,0
BRDA:12,1,0,1
BRDA:20,2,0,1
BRDA:20,3,0,2
BRDA:20,3,1,2
BRDA:28,4,0,0
BRF:9
BRH:6
end_of_record
TN:
SF:pages/api/sessions/[id].ts
FN:4,handler
FNF:1
FNH:0
FNDA:0,handler
DA:2,0
DA:4,0
DA:5,0
DA:6,0
DA:8,0
DA:9,0
DA:12,0
DA:13,0
DA:16,0
DA:17,0
DA:18,0
DA:20,0
DA:24,0
DA:25,0
DA:27,0
DA:28,0
DA:29,0
DA:31,0
DA:34,0
DA:35,0
DA:38,0
DA:39,0
LF:22
LH:0
BRDA:8,0,0,0
BRDA:13,1,0,0
BRDA:13,1,1,0
BRDA:13,1,2,0
BRDA:17,2,0,0
BRDA:24,3,0,0
BRDA:28,4,0,0
BRF:7
BRH:0
end_of_record
TN:
SF:pages/api/sessions/index.ts
FN:5,convertDates
FN:16,handler
FN:40,(anonymous_4)
FNF:3
FNH:3
FNDA:2,convertDates
FNDA:4,handler
FNDA:1,(anonymous_4)
DA:2,1
DA:6,2
DA:7,2
DA:8,2
DA:10,2
DA:11,2
DA:13,2
DA:16,4
DA:17,4
DA:19,4
DA:20,4
DA:23,2
DA:24,1
DA:27,1
DA:29,1
DA:30,1
DA:34,2
DA:35,2
DA:36,1
DA:38,1
DA:40,1
DA:41,1
DA:43,1
DA:46,0
DA:47,0
DA:50,0
DA:51,0
LF:27
LH:23
BRDA:7,0,0,2
BRDA:10,1,0,2
BRDA:20,2,0,2
BRDA:20,2,1,2
BRDA:20,2,2,0
BRDA:23,3,0,1
BRDA:23,4,0,2
BRDA:23,4,1,2
BRDA:35,5,0,1
BRF:9
BRH:8
end_of_record
TN:
SF:pages/api/sessions/[id]/answer.ts
FN:4,handler
FNF:1
FNH:0
FNDA:0,handler
DA:2,0
DA:4,0
DA:5,0
DA:6,0
DA:8,0
DA:9,0
DA:12,0
DA:13,0
DA:14,0
DA:16,0
DA:17,0
DA:22,0
DA:28,0
DA:29,0
DA:32,0
DA:35,0
DA:36,0
DA:38,0
DA:39,0
LF:19
LH:0
BRDA:8,0,0,0
BRDA:13,1,0,0
BRDA:16,2,0,0
BRDA:16,3,0,0
BRDA:16,3,1,0
BRDA:28,4,0,0
BRF:6
BRH:0
end_of_record
TN:
SF:pages/api/sessions/[id]/complete.ts
FN:4,handler
FNF:1
FNH:0
FNDA:0,handler
DA:2,0
DA:4,0
DA:5,0
DA:6,0
DA:8,0
DA:9,0
DA:12,0
DA:13,0
DA:14,0
DA:16,0
DA:17,0
DA:22,0
DA:28,0
DA:29,0
DA:32,0
DA:35,0
DA:36,0
DA:38,0
DA:39,0
LF:19
LH:0
BRDA:8,0,0,0
BRDA:13,1,0,0
BRDA:16,2,0,0
BRDA:16,3,0,0
BRDA:16,3,1,0
BRDA:28,4,0,0
BRF:6
BRH:0
end_of_record
